{"meta": {"format": 3, "version": "7.13.3", "timestamp": "2026-02-06T16:12:50.835207", "branch_coverage": true, "show_contexts": false}, "files": {"project/pyrsistent/__init__.py": {"executed_lines": [3, 5, 7, 9, 11, 13, 15, 19, 22, 24, 26, 28, 30, 32, 35], "summary": {"covered_lines": 15, "num_statements": 15, "percent_covered": 100.0, "percent_covered_display": "100", "missing_lines": 0, "excluded_lines": 0, "percent_statements_covered": 100.0, "percent_statements_covered_display": "100", "num_branches": 0, "num_partial_branches": 0, "covered_branches": 0, "missing_branches": 0, "percent_branches_covered": 100.0, "percent_branches_covered_display": "100"}, "missing_lines": [], "excluded_lines": [], "executed_branches": [], "missing_branches": [], "functions": {"": {"executed_lines": [3, 5, 7, 9, 11, 13, 15, 19, 22, 24, 26, 28, 30, 32, 35], "summary": {"covered_lines": 15, "num_statements": 15, "percent_covered": 100.0, "percent_covered_display": "100", "missing_lines": 0, "excluded_lines": 0, "percent_statements_covered": 100.0, "percent_statements_covered_display": "100", "num_branches": 0, "num_partial_branches": 0, "covered_branches": 0, "missing_branches": 0, "percent_branches_covered": 100.0, "percent_branches_covered_display": "100"}, "missing_lines": [], "excluded_lines": [], "start_line": 1, "executed_branches": [], "missing_branches": []}}, "classes": {"": {"executed_lines": [3, 5, 7, 9, 11, 13, 15, 19, 22, 24, 26, 28, 30, 32, 35], "summary": {"covered_lines": 15, "num_statements": 15, "percent_covered": 100.0, "percent_covered_display": "100", "missing_lines": 0, "excluded_lines": 0, "percent_statements_covered": 100.0, "percent_statements_covered_display": "100", "num_branches": 0, "num_partial_branches": 0, "covered_branches": 0, "missing_branches": 0, "percent_branches_covered": 100.0, "percent_branches_covered_display": "100"}, "missing_lines": [], "excluded_lines": [], "start_line": 1, "executed_branches": [], "missing_branches": []}}}, "project/pyrsistent/_checked_types.py": {"executed_lines": [1, 3, 4, 5, 7, 8, 9, 11, 12, 13, 16, 20, 22, 23, 24, 27, 28, 32, 36, 46, 51, 58, 61, 70, 78, 79, 80, 81, 83, 85, 87, 89, 91, 92, 100, 103, 106, 107, 112, 115, 126, 140, 144, 145, 146, 147, 148, 149, 150, 151, 152, 155, 157, 158, 159, 160, 161, 162, 165, 167, 170, 171, 172, 173, 175, 180, 182, 184, 187, 188, 196, 206, 209, 219, 222, 228, 235, 239, 251, 255, 259, 264, 279, 291, 293, 299, 302, 305, 308, 310, 314, 318, 319, 321, 326, 331, 335, 339, 344, 356, 359, 361, 365, 377, 379, 389, 392, 395, 399, 401, 405, 408, 409, 411, 416, 421, 426, 436, 437, 438, 439, 440, 442, 453, 455, 457, 460, 463, 476, 478, 488, 491, 494, 496, 500, 501, 519, 523, 524, 526, 531, 540], "summary": {"covered_lines": 142, "num_statements": 296, "percent_covered": 42.89617486338798, "percent_covered_display": "43", "missing_lines": 154, "excluded_lines": 3, "percent_statements_covered": 47.972972972972975, "percent_statements_covered_display": "48", "num_branches": 70, "num_partial_branches": 5, "covered_branches": 15, "missing_branches": 55, "percent_branches_covered": 21.428571428571427, "percent_branches_covered_display": "21"}, "missing_lines": [25, 29, 33, 47, 48, 49, 52, 84, 86, 88, 95, 116, 117, 118, 119, 120, 121, 123, 130, 131, 132, 133, 135, 137, 163, 166, 176, 177, 178, 189, 190, 191, 192, 193, 223, 224, 225, 229, 230, 232, 236, 240, 241, 242, 243, 244, 248, 252, 256, 261, 265, 266, 270, 271, 272, 273, 277, 294, 295, 297, 300, 303, 306, 311, 312, 316, 322, 323, 324, 327, 328, 329, 332, 333, 336, 337, 340, 341, 342, 345, 346, 348, 349, 350, 351, 352, 354, 357, 362, 380, 381, 383, 384, 385, 387, 390, 393, 396, 397, 403, 406, 412, 413, 414, 417, 418, 419, 422, 423, 424, 427, 428, 430, 431, 433, 443, 444, 445, 447, 448, 449, 451, 479, 480, 482, 483, 484, 486, 489, 492, 497, 498, 502, 503, 507, 508, 509, 510, 512, 513, 517, 521, 527, 528, 529, 532, 533, 534, 538, 541, 542, 544, 545, 547], "excluded_lines": [280, 366, 464], "executed_branches": [[83, 85], [85, 87], [87, 89], [89, 91], [144, 145], [144, 146], [146, -140], [146, 147], [147, 148], [147, 149], [151, 146], [151, 152], [158, 159], [158, 165], [165, 167]], "missing_branches": [[83, 84], [85, 86], [87, 88], [89, 95], [118, 119], [118, 123], [119, 118], [119, 120], [132, 133], [132, 135], [165, 166], [176, 177], [176, 178], [229, 230], [229, 232], [240, -239], [240, 241], [241, -239], [241, 242], [242, 241], [242, 243], [265, 266], [265, 270], [272, 273], [272, 277], [294, 295], [294, 297], [345, 346], [345, 348], [349, 350], [349, 354], [380, 381], [380, 383], [384, 385], [384, 387], [427, 428], [427, 430], [430, 431], [430, 433], [444, 445], [444, 447], [448, 449], [448, 451], [479, 480], [479, 482], [483, 484], [483, 486], [502, 503], [502, 507], [512, 513], [512, 517], [541, 542], [541, 544], [544, 545], [544, 547]], "functions": {"CheckedType.create": {"executed_lines": [], "summary": {"covered_lines": 0, "num_statements": 1, "percent_covered": 0.0, "percent_covered_display": "0", "missing_lines": 1, "excluded_lines": 0, "percent_statements_covered": 0.0, "percent_statements_covered_display": "0", "num_branches": 0, "num_partial_branches": 0, "covered_branches": 0, "missing_branches": 0, "percent_branches_covered": 100.0, "percent_branches_covered_display": "100"}, "missing_lines": [25], "excluded_lines": [], "start_line": 24, "executed_branches": [], "missing_branches": []}, "CheckedType.serialize": {"executed_lines": [], "summary": {"covered_lines": 0, "num_statements": 1, "percent_covered": 0.0, "percent_covered_display": "0", "missing_lines": 1, "excluded_lines": 0, "percent_statements_covered": 0.0, "percent_statements_covered_display": "0", "num_branches": 0, "num_partial_branches": 0, "covered_branches": 0, "missing_branches": 0, "percent_branches_covered": 100.0, "percent_branches_covered_display": "100"}, "missing_lines": [29], "excluded_lines": [], "start_line": 28, "executed_branches": [], "missing_branches": []}, "_restore_pickle": {"executed_lines": [], "summary": {"covered_lines": 0, "num_statements": 1, "percent_covered": 0.0, "percent_covered_display": "0", "missing_lines": 1, "excluded_lines": 0, "percent_statements_covered": 0.0, "percent_statements_covered_display": "0", "num_branches": 0, "num_partial_branches": 0, "covered_branches": 0, "missing_branches": 0, "percent_branches_covered": 100.0, "percent_branches_covered_display": "100"}, "missing_lines": [33], "excluded_lines": [], "start_line": 32, "executed_branches": [], "missing_branches": []}, "InvariantException.__init__": {"executed_lines": [], "summary": {"covered_lines": 0, "num_statements": 3, "percent_covered": 0.0, "percent_covered_display": "0", "missing_lines": 3, "excluded_lines": 0, "percent_statements_covered": 0.0, "percent_statements_covered_display": "0", "num_branches": 0, "num_partial_branches": 0, "covered_branches": 0, "missing_branches": 0, "percent_branches_covered": 100.0, "percent_branches_covered_display": "100"}, "missing_lines": [47, 48, 49], "excluded_lines": [], "start_line": 46, "executed_branches": [], "missing_branches": []}, "InvariantException.__str__": {"executed_lines": [], "summary": {"covered_lines": 0, "num_statements": 1, "percent_covered": 0.0, "percent_covered_display": "0", "missing_lines": 1, "excluded_lines": 0, "percent_statements_covered": 0.0, "percent_statements_covered_display": "0", "num_branches": 0, "num_partial_branches": 0, "covered_branches": 0, "missing_branches": 0, "percent_branches_covered": 100.0, "percent_branches_covered_display": "100"}, "missing_lines": [52], "excluded_lines": [], "start_line": 51, "executed_branches": [], "missing_branches": []}, "maybe_parse_user_type": {"executed_lines": [78, 79, 80, 81, 83, 85, 87, 89, 91, 92], "summary": {"covered_lines": 10, "num_statements": 14, "percent_covered": 63.63636363636363, "percent_covered_display": "64", "missing_lines": 4, "excluded_lines": 0, "percent_statements_covered": 71.42857142857143, "percent_statements_covered_display": "71", "num_branches": 8, "num_partial_branches": 4, "covered_branches": 4, "missing_branches": 4, "percent_branches_covered": 50.0, "percent_branches_covered_display": "50"}, "missing_lines": [84, 86, 88, 95], "excluded_lines": [], "start_line": 70, "executed_branches": [[83, 85], [85, 87], [87, 89], [89, 91]], "missing_branches": [[83, 84], [85, 86], [87, 88], [89, 95]]}, "maybe_parse_many_user_types": {"executed_lines": [103], "summary": {"covered_lines": 1, "num_statements": 1, "percent_covered": 100.0, "percent_covered_display": "100", "missing_lines": 0, "excluded_lines": 0, "percent_statements_covered": 100.0, "percent_statements_covered_display": "100", "num_branches": 0, "num_partial_branches": 0, "covered_branches": 0, "missing_branches": 0, "percent_branches_covered": 100.0, "percent_branches_covered_display": "100"}, "missing_lines": [], "excluded_lines": [], "start_line": 100, "executed_branches": [], "missing_branches": []}, "_store_types": {"executed_lines": [107, 112], "summary": {"covered_lines": 2, "num_statements": 2, "percent_covered": 100.0, "percent_covered_display": "100", "missing_lines": 0, "excluded_lines": 0, "percent_statements_covered": 100.0, "percent_statements_covered_display": "100", "num_branches": 0, "num_partial_branches": 0, "covered_branches": 0, "missing_branches": 0, "percent_branches_covered": 100.0, "percent_branches_covered_display": "100"}, "missing_lines": [], "excluded_lines": [], "start_line": 106, "executed_branches": [], "missing_branches": []}, "_merge_invariant_results": {"executed_lines": [], "summary": {"covered_lines": 0, "num_statements": 7, "percent_covered": 0.0, "percent_covered_display": "0", "missing_lines": 7, "excluded_lines": 0, "percent_statements_covered": 0.0, "percent_statements_covered_display": "0", "num_branches": 4, "num_partial_branches": 0, "covered_branches": 0, "missing_branches": 4, "percent_branches_covered": 0.0, "percent_branches_covered_display": "0"}, "missing_lines": [116, 117, 118, 119, 120, 121, 123], "excluded_lines": [], "start_line": 115, "executed_branches": [], "missing_branches": [[118, 119], [118, 123], [119, 118], [119, 120]]}, "wrap_invariant": {"executed_lines": [], "summary": {"covered_lines": 0, "num_statements": 2, "percent_covered": 0.0, "percent_covered_display": "0", "missing_lines": 2, "excluded_lines": 0, "percent_statements_covered": 0.0, "percent_statements_covered_display": "0", "num_branches": 0, "num_partial_branches": 0, "covered_branches": 0, "missing_branches": 0, "percent_branches_covered": 100.0, "percent_branches_covered_display": "100"}, "missing_lines": [130, 137], "excluded_lines": [], "start_line": 126, "executed_branches": [], "missing_branches": []}, "wrap_invariant.f": {"executed_lines": [], "summary": {"covered_lines": 0, "num_statements": 4, "percent_covered": 0.0, "percent_covered_display": "0", "missing_lines": 4, "excluded_lines": 0, "percent_statements_covered": 0.0, "percent_statements_covered_display": "0", "num_branches": 2, "num_partial_branches": 0, "covered_branches": 0, "missing_branches": 2, "percent_branches_covered": 0.0, "percent_branches_covered_display": "0"}, "missing_lines": [131, 132, 133, 135], "excluded_lines": [], "start_line": 130, "executed_branches": [], "missing_branches": [[132, 133], [132, 135]]}, "_all_dicts": {"executed_lines": [144, 145, 146, 147, 148, 149, 150, 151, 152], "summary": {"covered_lines": 9, "num_statements": 9, "percent_covered": 100.0, "percent_covered_display": "100", "missing_lines": 0, "excluded_lines": 0, "percent_statements_covered": 100.0, "percent_statements_covered_display": "100", "num_branches": 8, "num_partial_branches": 0, "covered_branches": 8, "missing_branches": 0, "percent_branches_covered": 100.0, "percent_branches_covered_display": "100"}, "missing_lines": [], "excluded_lines": [], "start_line": 140, "executed_branches": [[144, 145], [144, 146], [146, -140], [146, 147], [147, 148], [147, 149], [151, 146], [151, 152]], "missing_branches": []}, "store_invariants": {"executed_lines": [157, 158, 159, 160, 161, 162, 165, 167], "summary": {"covered_lines": 8, "num_statements": 10, "percent_covered": 78.57142857142857, "percent_covered_display": "79", "missing_lines": 2, "excluded_lines": 0, "percent_statements_covered": 80.0, "percent_statements_covered_display": "80", "num_branches": 4, "num_partial_branches": 1, "covered_branches": 3, "missing_branches": 1, "percent_branches_covered": 75.0, "percent_branches_covered_display": "75"}, "missing_lines": [163, 166], "excluded_lines": [], "start_line": 155, "executed_branches": [[158, 159], [158, 165], [165, 167]], "missing_branches": [[165, 166]]}, "_CheckedTypeMeta.__new__": {"executed_lines": [172, 173, 175, 180, 182, 184], "summary": {"covered_lines": 6, "num_statements": 6, "percent_covered": 100.0, "percent_covered_display": "100", "missing_lines": 0, "excluded_lines": 0, "percent_statements_covered": 100.0, "percent_statements_covered_display": "100", "num_branches": 0, "num_partial_branches": 0, "covered_branches": 0, "missing_branches": 0, "percent_branches_covered": 100.0, "percent_branches_covered_display": "100"}, "missing_lines": [], "excluded_lines": [], "start_line": 171, "executed_branches": [], "missing_branches": []}, "_CheckedTypeMeta.__new__.default_serializer": {"executed_lines": [], "summary": {"covered_lines": 0, "num_statements": 3, "percent_covered": 0.0, "percent_covered_display": "0", "missing_lines": 3, "excluded_lines": 0, "percent_statements_covered": 0.0, "percent_statements_covered_display": "0", "num_branches": 2, "num_partial_branches": 0, "covered_branches": 0, "missing_branches": 2, "percent_branches_covered": 0.0, "percent_branches_covered_display": "0"}, "missing_lines": [176, 177, 178], "excluded_lines": [], "start_line": 175, "executed_branches": [], "missing_branches": [[176, 177], [176, 178]]}, "CheckedTypeError.__init__": {"executed_lines": [], "summary": {"covered_lines": 0, "num_statements": 5, "percent_covered": 0.0, "percent_covered_display": "0", "missing_lines": 5, "excluded_lines": 0, "percent_statements_covered": 0.0, "percent_statements_covered_display": "0", "num_branches": 0, "num_partial_branches": 0, "covered_branches": 0, "missing_branches": 0, "percent_branches_covered": 100.0, "percent_branches_covered_display": "100"}, "missing_lines": [189, 190, 191, 192, 193], "excluded_lines": [], "start_line": 188, "executed_branches": [], "missing_branches": []}, "_get_class": {"executed_lines": [], "summary": {"covered_lines": 0, "num_statements": 3, "percent_covered": 0.0, "percent_covered_display": "0", "missing_lines": 3, "excluded_lines": 0, "percent_statements_covered": 0.0, "percent_statements_covered_display": "0", "num_branches": 0, "num_partial_branches": 0, "covered_branches": 0, "missing_branches": 0, "percent_branches_covered": 100.0, "percent_branches_covered_display": "100"}, "missing_lines": [223, 224, 225], "excluded_lines": [], "start_line": 222, "executed_branches": [], "missing_branches": []}, "get_type": {"executed_lines": [], "summary": {"covered_lines": 0, "num_statements": 3, "percent_covered": 0.0, "percent_covered_display": "0", "missing_lines": 3, "excluded_lines": 0, "percent_statements_covered": 0.0, "percent_statements_covered_display": "0", "num_branches": 2, "num_partial_branches": 0, "covered_branches": 0, "missing_branches": 2, "percent_branches_covered": 0.0, "percent_branches_covered_display": "0"}, "missing_lines": [229, 230, 232], "excluded_lines": [], "start_line": 228, "executed_branches": [], "missing_branches": [[229, 230], [229, 232]]}, "get_types": {"executed_lines": [], "summary": {"covered_lines": 0, "num_statements": 1, "percent_covered": 0.0, "percent_covered_display": "0", "missing_lines": 1, "excluded_lines": 0, "percent_statements_covered": 0.0, "percent_statements_covered_display": "0", "num_branches": 0, "num_partial_branches": 0, "covered_branches": 0, "missing_branches": 0, "percent_branches_covered": 100.0, "percent_branches_covered_display": "100"}, "missing_lines": [236], "excluded_lines": [], "start_line": 235, "executed_branches": [], "missing_branches": []}, "_check_types": {"executed_lines": [], "summary": {"covered_lines": 0, "num_statements": 6, "percent_covered": 0.0, "percent_covered_display": "0", "missing_lines": 6, "excluded_lines": 0, "percent_statements_covered": 0.0, "percent_statements_covered_display": "0", "num_branches": 6, "num_partial_branches": 0, "covered_branches": 0, "missing_branches": 6, "percent_branches_covered": 0.0, "percent_branches_covered_display": "0"}, "missing_lines": [240, 241, 242, 243, 244, 248], "excluded_lines": [], "start_line": 239, "executed_branches": [], "missing_branches": [[240, -239], [240, 241], [241, -239], [241, 242], [242, 241], [242, 243]]}, "_invariant_errors": {"executed_lines": [], "summary": {"covered_lines": 0, "num_statements": 1, "percent_covered": 0.0, "percent_covered_display": "0", "missing_lines": 1, "excluded_lines": 0, "percent_statements_covered": 0.0, "percent_statements_covered_display": "0", "num_branches": 0, "num_partial_branches": 0, "covered_branches": 0, "missing_branches": 0, "percent_branches_covered": 100.0, "percent_branches_covered_display": "100"}, "missing_lines": [252], "excluded_lines": [], "start_line": 251, "executed_branches": [], "missing_branches": []}, "_invariant_errors_iterable": {"executed_lines": [], "summary": {"covered_lines": 0, "num_statements": 1, "percent_covered": 0.0, "percent_covered_display": "0", "missing_lines": 1, "excluded_lines": 0, "percent_statements_covered": 0.0, "percent_statements_covered_display": "0", "num_branches": 0, "num_partial_branches": 0, "covered_branches": 0, "missing_branches": 0, "percent_branches_covered": 100.0, "percent_branches_covered_display": "100"}, "missing_lines": [256], "excluded_lines": [], "start_line": 255, "executed_branches": [], "missing_branches": []}, "optional": {"executed_lines": [], "summary": {"covered_lines": 0, "num_statements": 1, "percent_covered": 0.0, "percent_covered_display": "0", "missing_lines": 1, "excluded_lines": 0, "percent_statements_covered": 0.0, "percent_statements_covered_display": "0", "num_branches": 0, "num_partial_branches": 0, "covered_branches": 0, "missing_branches": 0, "percent_branches_covered": 100.0, "percent_branches_covered_display": "100"}, "missing_lines": [261], "excluded_lines": [], "start_line": 259, "executed_branches": [], "missing_branches": []}, "_checked_type_create": {"executed_lines": [], "summary": {"covered_lines": 0, "num_statements": 7, "percent_covered": 0.0, "percent_covered_display": "0", "missing_lines": 7, "excluded_lines": 0, "percent_statements_covered": 0.0, "percent_statements_covered_display": "0", "num_branches": 4, "num_partial_branches": 0, "covered_branches": 0, "missing_branches": 4, "percent_branches_covered": 0.0, "percent_branches_covered_display": "0"}, "missing_lines": [265, 266, 270, 271, 272, 273, 277], "excluded_lines": [], "start_line": 264, "executed_branches": [], "missing_branches": [[265, 266], [265, 270], [272, 273], [272, 277]]}, "CheckedPVector.__new__": {"executed_lines": [], "summary": {"covered_lines": 0, "num_statements": 3, "percent_covered": 0.0, "percent_covered_display": "0", "missing_lines": 3, "excluded_lines": 0, "percent_statements_covered": 0.0, "percent_statements_covered_display": "0", "num_branches": 2, "num_partial_branches": 0, "covered_branches": 0, "missing_branches": 2, "percent_branches_covered": 0.0, "percent_branches_covered_display": "0"}, "missing_lines": [294, 295, 297], "excluded_lines": [], "start_line": 293, "executed_branches": [], "missing_branches": [[294, 295], [294, 297]]}, "CheckedPVector.set": {"executed_lines": [], "summary": {"covered_lines": 0, "num_statements": 1, "percent_covered": 0.0, "percent_covered_display": "0", "missing_lines": 1, "excluded_lines": 0, "percent_statements_covered": 0.0, "percent_statements_covered_display": "0", "num_branches": 0, "num_partial_branches": 0, "covered_branches": 0, "missing_branches": 0, "percent_branches_covered": 100.0, "percent_branches_covered_display": "100"}, "missing_lines": [300], "excluded_lines": [], "start_line": 299, "executed_branches": [], "missing_branches": []}, "CheckedPVector.append": {"executed_lines": [], "summary": {"covered_lines": 0, "num_statements": 1, "percent_covered": 0.0, "percent_covered_display": "0", "missing_lines": 1, "excluded_lines": 0, "percent_statements_covered": 0.0, "percent_statements_covered_display": "0", "num_branches": 0, "num_partial_branches": 0, "covered_branches": 0, "missing_branches": 0, "percent_branches_covered": 100.0, "percent_branches_covered_display": "100"}, "missing_lines": [303], "excluded_lines": [], "start_line": 302, "executed_branches": [], "missing_branches": []}, "CheckedPVector.extend": {"executed_lines": [], "summary": {"covered_lines": 0, "num_statements": 1, "percent_covered": 0.0, "percent_covered_display": "0", "missing_lines": 1, "excluded_lines": 0, "percent_statements_covered": 0.0, "percent_statements_covered_display": "0", "num_branches": 0, "num_partial_branches": 0, "covered_branches": 0, "missing_branches": 0, "percent_branches_covered": 100.0, "percent_branches_covered_display": "100"}, "missing_lines": [306], "excluded_lines": [], "start_line": 305, "executed_branches": [], "missing_branches": []}, "CheckedPVector.serialize": {"executed_lines": [], "summary": {"covered_lines": 0, "num_statements": 2, "percent_covered": 0.0, "percent_covered_display": "0", "missing_lines": 2, "excluded_lines": 0, "percent_statements_covered": 0.0, "percent_statements_covered_display": "0", "num_branches": 0, "num_partial_branches": 0, "covered_branches": 0, "missing_branches": 0, "percent_branches_covered": 100.0, "percent_branches_covered_display": "100"}, "missing_lines": [311, 312], "excluded_lines": [], "start_line": 310, "executed_branches": [], "missing_branches": []}, "CheckedPVector.__reduce__": {"executed_lines": [], "summary": {"covered_lines": 0, "num_statements": 1, "percent_covered": 0.0, "percent_covered_display": "0", "missing_lines": 1, "excluded_lines": 0, "percent_statements_covered": 0.0, "percent_statements_covered_display": "0", "num_branches": 0, "num_partial_branches": 0, "covered_branches": 0, "missing_branches": 0, "percent_branches_covered": 100.0, "percent_branches_covered_display": "100"}, "missing_lines": [316], "excluded_lines": [], "start_line": 314, "executed_branches": [], "missing_branches": []}, "CheckedPVector.Evolver.__init__": {"executed_lines": [], "summary": {"covered_lines": 0, "num_statements": 3, "percent_covered": 0.0, "percent_covered_display": "0", "missing_lines": 3, "excluded_lines": 0, "percent_statements_covered": 0.0, "percent_statements_covered_display": "0", "num_branches": 0, "num_partial_branches": 0, "covered_branches": 0, "missing_branches": 0, "percent_branches_covered": 100.0, "percent_branches_covered_display": "100"}, "missing_lines": [322, 323, 324], "excluded_lines": [], "start_line": 321, "executed_branches": [], "missing_branches": []}, "CheckedPVector.Evolver._check": {"executed_lines": [], "summary": {"covered_lines": 0, "num_statements": 3, "percent_covered": 0.0, "percent_covered_display": "0", "missing_lines": 3, "excluded_lines": 0, "percent_statements_covered": 0.0, "percent_statements_covered_display": "0", "num_branches": 0, "num_partial_branches": 0, "covered_branches": 0, "missing_branches": 0, "percent_branches_covered": 100.0, "percent_branches_covered_display": "100"}, "missing_lines": [327, 328, 329], "excluded_lines": [], "start_line": 326, "executed_branches": [], "missing_branches": []}, "CheckedPVector.Evolver.__setitem__": {"executed_lines": [], "summary": {"covered_lines": 0, "num_statements": 2, "percent_covered": 0.0, "percent_covered_display": "0", "missing_lines": 2, "excluded_lines": 0, "percent_statements_covered": 0.0, "percent_statements_covered_display": "0", "num_branches": 0, "num_partial_branches": 0, "covered_branches": 0, "missing_branches": 0, "percent_branches_covered": 100.0, "percent_branches_covered_display": "100"}, "missing_lines": [332, 333], "excluded_lines": [], "start_line": 331, "executed_branches": [], "missing_branches": []}, "CheckedPVector.Evolver.append": {"executed_lines": [], "summary": {"covered_lines": 0, "num_statements": 2, "percent_covered": 0.0, "percent_covered_display": "0", "missing_lines": 2, "excluded_lines": 0, "percent_statements_covered": 0.0, "percent_statements_covered_display": "0", "num_branches": 0, "num_partial_branches": 0, "covered_branches": 0, "missing_branches": 0, "percent_branches_covered": 100.0, "percent_branches_covered_display": "100"}, "missing_lines": [336, 337], "excluded_lines": [], "start_line": 335, "executed_branches": [], "missing_branches": []}, "CheckedPVector.Evolver.extend": {"executed_lines": [], "summary": {"covered_lines": 0, "num_statements": 3, "percent_covered": 0.0, "percent_covered_display": "0", "missing_lines": 3, "excluded_lines": 0, "percent_statements_covered": 0.0, "percent_statements_covered_display": "0", "num_branches": 0, "num_partial_branches": 0, "covered_branches": 0, "missing_branches": 0, "percent_branches_covered": 100.0, "percent_branches_covered_display": "100"}, "missing_lines": [340, 341, 342], "excluded_lines": [], "start_line": 339, "executed_branches": [], "missing_branches": []}, "CheckedPVector.Evolver.persistent": {"executed_lines": [], "summary": {"covered_lines": 0, "num_statements": 8, "percent_covered": 0.0, "percent_covered_display": "0", "missing_lines": 8, "excluded_lines": 0, "percent_statements_covered": 0.0, "percent_statements_covered_display": "0", "num_branches": 4, "num_partial_branches": 0, "covered_branches": 0, "missing_branches": 4, "percent_branches_covered": 0.0, "percent_branches_covered_display": "0"}, "missing_lines": [345, 346, 348, 349, 350, 351, 352, 354], "excluded_lines": [], "start_line": 344, "executed_branches": [], "missing_branches": [[345, 346], [345, 348], [349, 350], [349, 354]]}, "CheckedPVector.__repr__": {"executed_lines": [], "summary": {"covered_lines": 0, "num_statements": 1, "percent_covered": 0.0, "percent_covered_display": "0", "missing_lines": 1, "excluded_lines": 0, "percent_statements_covered": 0.0, "percent_statements_covered_display": "0", "num_branches": 0, "num_partial_branches": 0, "covered_branches": 0, "missing_branches": 0, "percent_branches_covered": 100.0, "percent_branches_covered_display": "100"}, "missing_lines": [357], "excluded_lines": [], "start_line": 356, "executed_branches": [], "missing_branches": []}, "CheckedPVector.evolver": {"executed_lines": [], "summary": {"covered_lines": 0, "num_statements": 1, "percent_covered": 0.0, "percent_covered_display": "0", "missing_lines": 1, "excluded_lines": 0, "percent_statements_covered": 0.0, "percent_statements_covered_display": "0", "num_branches": 0, "num_partial_branches": 0, "covered_branches": 0, "missing_branches": 0, "percent_branches_covered": 100.0, "percent_branches_covered_display": "100"}, "missing_lines": [362], "excluded_lines": [], "start_line": 361, "executed_branches": [], "missing_branches": []}, "CheckedPSet.__new__": {"executed_lines": [], "summary": {"covered_lines": 0, "num_statements": 6, "percent_covered": 0.0, "percent_covered_display": "0", "missing_lines": 6, "excluded_lines": 0, "percent_statements_covered": 0.0, "percent_statements_covered_display": "0", "num_branches": 4, "num_partial_branches": 0, "covered_branches": 0, "missing_branches": 4, "percent_branches_covered": 0.0, "percent_branches_covered_display": "0"}, "missing_lines": [380, 381, 383, 384, 385, 387], "excluded_lines": [], "start_line": 379, "executed_branches": [], "missing_branches": [[380, 381], [380, 383], [384, 385], [384, 387]]}, "CheckedPSet.__repr__": {"executed_lines": [], "summary": {"covered_lines": 0, "num_statements": 1, "percent_covered": 0.0, "percent_covered_display": "0", "missing_lines": 1, "excluded_lines": 0, "percent_statements_covered": 0.0, "percent_statements_covered_display": "0", "num_branches": 0, "num_partial_branches": 0, "covered_branches": 0, "missing_branches": 0, "percent_branches_covered": 100.0, "percent_branches_covered_display": "100"}, "missing_lines": [390], "excluded_lines": [], "start_line": 389, "executed_branches": [], "missing_branches": []}, "CheckedPSet.__str__": {"executed_lines": [], "summary": {"covered_lines": 0, "num_statements": 1, "percent_covered": 0.0, "percent_covered_display": "0", "missing_lines": 1, "excluded_lines": 0, "percent_statements_covered": 0.0, "percent_statements_covered_display": "0", "num_branches": 0, "num_partial_branches": 0, "covered_branches": 0, "missing_branches": 0, "percent_branches_covered": 100.0, "percent_branches_covered_display": "100"}, "missing_lines": [393], "excluded_lines": [], "start_line": 392, "executed_branches": [], "missing_branches": []}, "CheckedPSet.serialize": {"executed_lines": [], "summary": {"covered_lines": 0, "num_statements": 2, "percent_covered": 0.0, "percent_covered_display": "0", "missing_lines": 2, "excluded_lines": 0, "percent_statements_covered": 0.0, "percent_statements_covered_display": "0", "num_branches": 0, "num_partial_branches": 0, "covered_branches": 0, "missing_branches": 0, "percent_branches_covered": 100.0, "percent_branches_covered_display": "100"}, "missing_lines": [396, 397], "excluded_lines": [], "start_line": 395, "executed_branches": [], "missing_branches": []}, "CheckedPSet.__reduce__": {"executed_lines": [], "summary": {"covered_lines": 0, "num_statements": 1, "percent_covered": 0.0, "percent_covered_display": "0", "missing_lines": 1, "excluded_lines": 0, "percent_statements_covered": 0.0, "percent_statements_covered_display": "0", "num_branches": 0, "num_partial_branches": 0, "covered_branches": 0, "missing_branches": 0, "percent_branches_covered": 100.0, "percent_branches_covered_display": "100"}, "missing_lines": [403], "excluded_lines": [], "start_line": 401, "executed_branches": [], "missing_branches": []}, "CheckedPSet.evolver": {"executed_lines": [], "summary": {"covered_lines": 0, "num_statements": 1, "percent_covered": 0.0, "percent_covered_display": "0", "missing_lines": 1, "excluded_lines": 0, "percent_statements_covered": 0.0, "percent_statements_covered_display": "0", "num_branches": 0, "num_partial_branches": 0, "covered_branches": 0, "missing_branches": 0, "percent_branches_covered": 100.0, "percent_branches_covered_display": "100"}, "missing_lines": [406], "excluded_lines": [], "start_line": 405, "executed_branches": [], "missing_branches": []}, "CheckedPSet.Evolver.__init__": {"executed_lines": [], "summary": {"covered_lines": 0, "num_statements": 3, "percent_covered": 0.0, "percent_covered_display": "0", "missing_lines": 3, "excluded_lines": 0, "percent_statements_covered": 0.0, "percent_statements_covered_display": "0", "num_branches": 0, "num_partial_branches": 0, "covered_branches": 0, "missing_branches": 0, "percent_branches_covered": 100.0, "percent_branches_covered_display": "100"}, "missing_lines": [412, 413, 414], "excluded_lines": [], "start_line": 411, "executed_branches": [], "missing_branches": []}, "CheckedPSet.Evolver._check": {"executed_lines": [], "summary": {"covered_lines": 0, "num_statements": 3, "percent_covered": 0.0, "percent_covered_display": "0", "missing_lines": 3, "excluded_lines": 0, "percent_statements_covered": 0.0, "percent_statements_covered_display": "0", "num_branches": 0, "num_partial_branches": 0, "covered_branches": 0, "missing_branches": 0, "percent_branches_covered": 100.0, "percent_branches_covered_display": "100"}, "missing_lines": [417, 418, 419], "excluded_lines": [], "start_line": 416, "executed_branches": [], "missing_branches": []}, "CheckedPSet.Evolver.add": {"executed_lines": [], "summary": {"covered_lines": 0, "num_statements": 3, "percent_covered": 0.0, "percent_covered_display": "0", "missing_lines": 3, "excluded_lines": 0, "percent_statements_covered": 0.0, "percent_statements_covered_display": "0", "num_branches": 0, "num_partial_branches": 0, "covered_branches": 0, "missing_branches": 0, "percent_branches_covered": 100.0, "percent_branches_covered_display": "100"}, "missing_lines": [422, 423, 424], "excluded_lines": [], "start_line": 421, "executed_branches": [], "missing_branches": []}, "CheckedPSet.Evolver.persistent": {"executed_lines": [], "summary": {"covered_lines": 0, "num_statements": 5, "percent_covered": 0.0, "percent_covered_display": "0", "missing_lines": 5, "excluded_lines": 0, "percent_statements_covered": 0.0, "percent_statements_covered_display": "0", "num_branches": 4, "num_partial_branches": 0, "covered_branches": 0, "missing_branches": 4, "percent_branches_covered": 0.0, "percent_branches_covered_display": "0"}, "missing_lines": [427, 428, 430, 431, 433], "excluded_lines": [], "start_line": 426, "executed_branches": [], "missing_branches": [[427, 428], [427, 430], [430, 431], [430, 433]]}, "_CheckedMapTypeMeta.__new__": {"executed_lines": [438, 439, 440, 442, 453, 455, 457], "summary": {"covered_lines": 7, "num_statements": 7, "percent_covered": 100.0, "percent_covered_display": "100", "missing_lines": 0, "excluded_lines": 0, "percent_statements_covered": 100.0, "percent_statements_covered_display": "100", "num_branches": 0, "num_partial_branches": 0, "covered_branches": 0, "missing_branches": 0, "percent_branches_covered": 100.0, "percent_branches_covered_display": "100"}, "missing_lines": [], "excluded_lines": [], "start_line": 437, "executed_branches": [], "missing_branches": []}, "_CheckedMapTypeMeta.__new__.default_serializer": {"executed_lines": [], "summary": {"covered_lines": 0, "num_statements": 7, "percent_covered": 0.0, "percent_covered_display": "0", "missing_lines": 7, "excluded_lines": 0, "percent_statements_covered": 0.0, "percent_statements_covered_display": "0", "num_branches": 4, "num_partial_branches": 0, "covered_branches": 0, "missing_branches": 4, "percent_branches_covered": 0.0, "percent_branches_covered_display": "0"}, "missing_lines": [443, 444, 445, 447, 448, 449, 451], "excluded_lines": [], "start_line": 442, "executed_branches": [], "missing_branches": [[444, 445], [444, 447], [448, 449], [448, 451]]}, "CheckedPMap.__new__": {"executed_lines": [], "summary": {"covered_lines": 0, "num_statements": 6, "percent_covered": 0.0, "percent_covered_display": "0", "missing_lines": 6, "excluded_lines": 0, "percent_statements_covered": 0.0, "percent_statements_covered_display": "0", "num_branches": 4, "num_partial_branches": 0, "covered_branches": 0, "missing_branches": 4, "percent_branches_covered": 0.0, "percent_branches_covered_display": "0"}, "missing_lines": [479, 480, 482, 483, 484, 486], "excluded_lines": [], "start_line": 478, "executed_branches": [], "missing_branches": [[479, 480], [479, 482], [483, 484], [483, 486]]}, "CheckedPMap.evolver": {"executed_lines": [], "summary": {"covered_lines": 0, "num_statements": 1, "percent_covered": 0.0, "percent_covered_display": "0", "missing_lines": 1, "excluded_lines": 0, "percent_statements_covered": 0.0, "percent_statements_covered_display": "0", "num_branches": 0, "num_partial_branches": 0, "covered_branches": 0, "missing_branches": 0, "percent_branches_covered": 100.0, "percent_branches_covered_display": "100"}, "missing_lines": [489], "excluded_lines": [], "start_line": 488, "executed_branches": [], "missing_branches": []}, "CheckedPMap.__repr__": {"executed_lines": [], "summary": {"covered_lines": 0, "num_statements": 1, "percent_covered": 0.0, "percent_covered_display": "0", "missing_lines": 1, "excluded_lines": 0, "percent_statements_covered": 0.0, "percent_statements_covered_display": "0", "num_branches": 0, "num_partial_branches": 0, "covered_branches": 0, "missing_branches": 0, "percent_branches_covered": 100.0, "percent_branches_covered_display": "100"}, "missing_lines": [492], "excluded_lines": [], "start_line": 491, "executed_branches": [], "missing_branches": []}, "CheckedPMap.serialize": {"executed_lines": [], "summary": {"covered_lines": 0, "num_statements": 2, "percent_covered": 0.0, "percent_covered_display": "0", "missing_lines": 2, "excluded_lines": 0, "percent_statements_covered": 0.0, "percent_statements_covered_display": "0", "num_branches": 0, "num_partial_branches": 0, "covered_branches": 0, "missing_branches": 0, "percent_branches_covered": 100.0, "percent_branches_covered_display": "100"}, "missing_lines": [497, 498], "excluded_lines": [], "start_line": 496, "executed_branches": [], "missing_branches": []}, "CheckedPMap.create": {"executed_lines": [], "summary": {"covered_lines": 0, "num_statements": 9, "percent_covered": 0.0, "percent_covered_display": "0", "missing_lines": 9, "excluded_lines": 0, "percent_statements_covered": 0.0, "percent_statements_covered_display": "0", "num_branches": 4, "num_partial_branches": 0, "covered_branches": 0, "missing_branches": 4, "percent_branches_covered": 0.0, "percent_branches_covered_display": "0"}, "missing_lines": [502, 503, 507, 508, 509, 510, 512, 513, 517], "excluded_lines": [], "start_line": 501, "executed_branches": [], "missing_branches": [[502, 503], [502, 507], [512, 513], [512, 517]]}, "CheckedPMap.__reduce__": {"executed_lines": [], "summary": {"covered_lines": 0, "num_statements": 1, "percent_covered": 0.0, "percent_covered_display": "0", "missing_lines": 1, "excluded_lines": 0, "percent_statements_covered": 0.0, "percent_statements_covered_display": "0", "num_branches": 0, "num_partial_branches": 0, "covered_branches": 0, "missing_branches": 0, "percent_branches_covered": 100.0, "percent_branches_covered_display": "100"}, "missing_lines": [521], "excluded_lines": [], "start_line": 519, "executed_branches": [], "missing_branches": []}, "CheckedPMap.Evolver.__init__": {"executed_lines": [], "summary": {"covered_lines": 0, "num_statements": 3, "percent_covered": 0.0, "percent_covered_display": "0", "missing_lines": 3, "excluded_lines": 0, "percent_statements_covered": 0.0, "percent_statements_covered_display": "0", "num_branches": 0, "num_partial_branches": 0, "covered_branches": 0, "missing_branches": 0, "percent_branches_covered": 100.0, "percent_branches_covered_display": "100"}, "missing_lines": [527, 528, 529], "excluded_lines": [], "start_line": 526, "executed_branches": [], "missing_branches": []}, "CheckedPMap.Evolver.set": {"executed_lines": [], "summary": {"covered_lines": 0, "num_statements": 4, "percent_covered": 0.0, "percent_covered_display": "0", "missing_lines": 4, "excluded_lines": 0, "percent_statements_covered": 0.0, "percent_statements_covered_display": "0", "num_branches": 0, "num_partial_branches": 0, "covered_branches": 0, "missing_branches": 0, "percent_branches_covered": 100.0, "percent_branches_covered_display": "100"}, "missing_lines": [532, 533, 534, 538], "excluded_lines": [], "start_line": 531, "executed_branches": [], "missing_branches": []}, "CheckedPMap.Evolver.persistent": {"executed_lines": [], "summary": {"covered_lines": 0, "num_statements": 5, "percent_covered": 0.0, "percent_covered_display": "0", "missing_lines": 5, "excluded_lines": 0, "percent_statements_covered": 0.0, "percent_statements_covered_display": "0", "num_branches": 4, "num_partial_branches": 0, "covered_branches": 0, "missing_branches": 4, "percent_branches_covered": 0.0, "percent_branches_covered_display": "0"}, "missing_lines": [541, 542, 544, 545, 547], "excluded_lines": [], "start_line": 540, "executed_branches": [], "missing_branches": [[541, 542], [541, 544], [544, 545], [544, 547]]}, "": {"executed_lines": [1, 3, 4, 5, 7, 8, 9, 11, 12, 13, 16, 20, 22, 23, 24, 27, 28, 32, 36, 46, 51, 58, 61, 70, 100, 106, 115, 126, 140, 155, 170, 171, 187, 188, 196, 206, 209, 219, 222, 228, 235, 239, 251, 255, 259, 264, 279, 291, 293, 299, 302, 305, 308, 310, 314, 318, 319, 321, 326, 331, 335, 339, 344, 356, 359, 361, 365, 377, 379, 389, 392, 395, 399, 401, 405, 408, 409, 411, 416, 421, 426, 436, 437, 460, 463, 476, 478, 488, 491, 494, 496, 500, 501, 519, 523, 524, 526, 531, 540], "summary": {"covered_lines": 99, "num_statements": 99, "percent_covered": 100.0, "percent_covered_display": "100", "missing_lines": 0, "excluded_lines": 3, "percent_statements_covered": 100.0, "percent_statements_covered_display": "100", "num_branches": 0, "num_partial_branches": 0, "covered_branches": 0, "missing_branches": 0, "percent_branches_covered": 100.0, "percent_branches_covered_display": "100"}, "missing_lines": [], "excluded_lines": [280, 366, 464], "start_line": 1, "executed_branches": [], "missing_branches": []}}, "classes": {"CheckedType": {"executed_lines": [], "summary": {"covered_lines": 0, "num_statements": 2, "percent_covered": 0.0, "percent_covered_display": "0", "missing_lines": 2, "excluded_lines": 0, "percent_statements_covered": 0.0, "percent_statements_covered_display": "0", "num_branches": 0, "num_partial_branches": 0, "covered_branches": 0, "missing_branches": 0, "percent_branches_covered": 100.0, "percent_branches_covered_display": "100"}, "missing_lines": [25, 29], "excluded_lines": [], "start_line": 16, "executed_branches": [], "missing_branches": []}, "InvariantException": {"executed_lines": [], "summary": {"covered_lines": 0, "num_statements": 4, "percent_covered": 0.0, "percent_covered_display": "0", "missing_lines": 4, "excluded_lines": 0, "percent_statements_covered": 0.0, "percent_statements_covered_display": "0", "num_branches": 0, "num_partial_branches": 0, "covered_branches": 0, "missing_branches": 0, "percent_branches_covered": 100.0, "percent_branches_covered_display": "100"}, "missing_lines": [47, 48, 49, 52], "excluded_lines": [], "start_line": 36, "executed_branches": [], "missing_branches": []}, "_CheckedTypeMeta": {"executed_lines": [172, 173, 175, 180, 182, 184], "summary": {"covered_lines": 6, "num_statements": 9, "percent_covered": 54.54545454545455, "percent_covered_display": "55", "missing_lines": 3, "excluded_lines": 0, "percent_statements_covered": 66.66666666666667, "percent_statements_covered_display": "67", "num_branches": 2, "num_partial_branches": 0, "covered_branches": 0, "missing_branches": 2, "percent_branches_covered": 0.0, "percent_branches_covered_display": "0"}, "missing_lines": [176, 177, 178], "excluded_lines": [], "start_line": 170, "executed_branches": [], "missing_branches": [[176, 177], [176, 178]]}, "CheckedTypeError": {"executed_lines": [], "summary": {"covered_lines": 0, "num_statements": 5, "percent_covered": 0.0, "percent_covered_display": "0", "missing_lines": 5, "excluded_lines": 0, "percent_statements_covered": 0.0, "percent_statements_covered_display": "0", "num_branches": 0, "num_partial_branches": 0, "covered_branches": 0, "missing_branches": 0, "percent_branches_covered": 100.0, "percent_branches_covered_display": "100"}, "missing_lines": [189, 190, 191, 192, 193], "excluded_lines": [], "start_line": 187, "executed_branches": [], "missing_branches": []}, "CheckedKeyTypeError": {"executed_lines": [], "summary": {"covered_lines": 0, "num_statements": 0, "percent_covered": 100.0, "percent_covered_display": "100", "missing_lines": 0, "excluded_lines": 0, "percent_statements_covered": 100.0, "percent_statements_covered_display": "100", "num_branches": 0, "num_partial_branches": 0, "covered_branches": 0, "missing_branches": 0, "percent_branches_covered": 100.0, "percent_branches_covered_display": "100"}, "missing_lines": [], "excluded_lines": [], "start_line": 196, "executed_branches": [], "missing_branches": []}, "CheckedValueTypeError": {"executed_lines": [], "summary": {"covered_lines": 0, "num_statements": 0, "percent_covered": 100.0, "percent_covered_display": "100", "missing_lines": 0, "excluded_lines": 0, "percent_statements_covered": 100.0, "percent_statements_covered_display": "100", "num_branches": 0, "num_partial_branches": 0, "covered_branches": 0, "missing_branches": 0, "percent_branches_covered": 100.0, "percent_branches_covered_display": "100"}, "missing_lines": [], "excluded_lines": [], "start_line": 209, "executed_branches": [], "missing_branches": []}, "CheckedPVector": {"executed_lines": [], "summary": {"covered_lines": 0, "num_statements": 11, "percent_covered": 0.0, "percent_covered_display": "0", "missing_lines": 11, "excluded_lines": 0, "percent_statements_covered": 0.0, "percent_statements_covered_display": "0", "num_branches": 2, "num_partial_branches": 0, "covered_branches": 0, "missing_branches": 2, "percent_branches_covered": 0.0, "percent_branches_covered_display": "0"}, "missing_lines": [294, 295, 297, 300, 303, 306, 311, 312, 316, 357, 362], "excluded_lines": [], "start_line": 279, "executed_branches": [], "missing_branches": [[294, 295], [294, 297]]}, "CheckedPVector.Evolver": {"executed_lines": [], "summary": {"covered_lines": 0, "num_statements": 21, "percent_covered": 0.0, "percent_covered_display": "0", "missing_lines": 21, "excluded_lines": 0, "percent_statements_covered": 0.0, "percent_statements_covered_display": "0", "num_branches": 4, "num_partial_branches": 0, "covered_branches": 0, "missing_branches": 4, "percent_branches_covered": 0.0, "percent_branches_covered_display": "0"}, "missing_lines": [322, 323, 324, 327, 328, 329, 332, 333, 336, 337, 340, 341, 342, 345, 346, 348, 349, 350, 351, 352, 354], "excluded_lines": [], "start_line": 318, "executed_branches": [], "missing_branches": [[345, 346], [345, 348], [349, 350], [349, 354]]}, "CheckedPSet": {"executed_lines": [], "summary": {"covered_lines": 0, "num_statements": 12, "percent_covered": 0.0, "percent_covered_display": "0", "missing_lines": 12, "excluded_lines": 0, "percent_statements_covered": 0.0, "percent_statements_covered_display": "0", "num_branches": 4, "num_partial_branches": 0, "covered_branches": 0, "missing_branches": 4, "percent_branches_covered": 0.0, "percent_branches_covered_display": "0"}, "missing_lines": [380, 381, 383, 384, 385, 387, 390, 393, 396, 397, 403, 406], "excluded_lines": [], "start_line": 365, "executed_branches": [], "missing_branches": [[380, 381], [380, 383], [384, 385], [384, 387]]}, "CheckedPSet.Evolver": {"executed_lines": [], "summary": {"covered_lines": 0, "num_statements": 14, "percent_covered": 0.0, "percent_covered_display": "0", "missing_lines": 14, "excluded_lines": 0, "percent_statements_covered": 0.0, "percent_statements_covered_display": "0", "num_branches": 4, "num_partial_branches": 0, "covered_branches": 0, "missing_branches": 4, "percent_branches_covered": 0.0, "percent_branches_covered_display": "0"}, "missing_lines": [412, 413, 414, 417, 418, 419, 422, 423, 424, 427, 428, 430, 431, 433], "excluded_lines": [], "start_line": 408, "executed_branches": [], "missing_branches": [[427, 428], [427, 430], [430, 431], [430, 433]]}, "_CheckedMapTypeMeta": {"executed_lines": [438, 439, 440, 442, 453, 455, 457], "summary": {"covered_lines": 7, "num_statements": 14, "percent_covered": 38.888888888888886, "percent_covered_display": "39", "missing_lines": 7, "excluded_lines": 0, "percent_statements_covered": 50.0, "percent_statements_covered_display": "50", "num_branches": 4, "num_partial_branches": 0, "covered_branches": 0, "missing_branches": 4, "percent_branches_covered": 0.0, "percent_branches_covered_display": "0"}, "missing_lines": [443, 444, 445, 447, 448, 449, 451], "excluded_lines": [], "start_line": 436, "executed_branches": [], "missing_branches": [[444, 445], [444, 447], [448, 449], [448, 451]]}, "CheckedPMap": {"executed_lines": [], "summary": {"covered_lines": 0, "num_statements": 20, "percent_covered": 0.0, "percent_covered_display": "0", "missing_lines": 20, "excluded_lines": 0, "percent_statements_covered": 0.0, "percent_statements_covered_display": "0", "num_branches": 8, "num_partial_branches": 0, "covered_branches": 0, "missing_branches": 8, "percent_branches_covered": 0.0, "percent_branches_covered_display": "0"}, "missing_lines": [479, 480, 482, 483, 484, 486, 489, 492, 497, 498, 502, 503, 507, 508, 509, 510, 512, 513, 517, 521], "excluded_lines": [], "start_line": 463, "executed_branches": [], "missing_branches": [[479, 480], [479, 482], [483, 484], [483, 486], [502, 503], [502, 507], [512, 513], [512, 517]]}, "CheckedPMap.Evolver": {"executed_lines": [], "summary": {"covered_lines": 0, "num_statements": 12, "percent_covered": 0.0, "percent_covered_display": "0", "missing_lines": 12, "excluded_lines": 0, "percent_statements_covered": 0.0, "percent_statements_covered_display": "0", "num_branches": 4, "num_partial_branches": 0, "covered_branches": 0, "missing_branches": 4, "percent_branches_covered": 0.0, "percent_branches_covered_display": "0"}, "missing_lines": [527, 528, 529, 532, 533, 534, 538, 541, 542, 544, 545, 547], "excluded_lines": [], "start_line": 523, "executed_branches": [], "missing_branches": [[541, 542], [541, 544], [544, 545], [544, 547]]}, "": {"executed_lines": [1, 3, 4, 5, 7, 8, 9, 11, 12, 13, 16, 20, 22, 23, 24, 27, 28, 32, 36, 46, 51, 58, 61, 70, 78, 79, 80, 81, 83, 85, 87, 89, 91, 92, 100, 103, 106, 107, 112, 115, 126, 140, 144, 145, 146, 147, 148, 149, 150, 151, 152, 155, 157, 158, 159, 160, 161, 162, 165, 167, 170, 171, 187, 188, 196, 206, 209, 219, 222, 228, 235, 239, 251, 255, 259, 264, 279, 291, 293, 299, 302, 305, 308, 310, 314, 318, 319, 321, 326, 331, 335, 339, 344, 356, 359, 361, 365, 377, 379, 389, 392, 395, 399, 401, 405, 408, 409, 411, 416, 421, 426, 436, 437, 460, 463, 476, 478, 488, 491, 494, 496, 500, 501, 519, 523, 524, 526, 531, 540], "summary": {"covered_lines": 129, "num_statements": 172, "percent_covered": 68.57142857142857, "percent_covered_display": "69", "missing_lines": 43, "excluded_lines": 3, "percent_statements_covered": 75.0, "percent_statements_covered_display": "75", "num_branches": 38, "num_partial_branches": 5, "covered_branches": 15, "missing_branches": 23, "percent_branches_covered": 39.473684210526315, "percent_branches_covered_display": "39"}, "missing_lines": [33, 84, 86, 88, 95, 116, 117, 118, 119, 120, 121, 123, 130, 131, 132, 133, 135, 137, 163, 166, 223, 224, 225, 229, 230, 232, 236, 240, 241, 242, 243, 244, 248, 252, 256, 261, 265, 266, 270, 271, 272, 273, 277], "excluded_lines": [280, 366, 464], "start_line": 1, "executed_branches": [[83, 85], [85, 87], [87, 89], [89, 91], [144, 145], [144, 146], [146, -140], [146, 147], [147, 148], [147, 149], [151, 146], [151, 152], [158, 159], [158, 165], [165, 167]], "missing_branches": [[83, 84], [85, 86], [87, 88], [89, 95], [118, 119], [118, 123], [119, 118], [119, 120], [132, 133], [132, 135], [165, 166], [229, 230], [229, 232], [240, -239], [240, 241], [241, -239], [241, 242], [242, 241], [242, 243], [265, 266], [265, 270], [272, 273], [272, 277]]}}}, "project/pyrsistent/_field_common.py": {"executed_lines": [1, 12, 13, 14, 17, 18, 20, 21, 26, 33, 40, 47, 56, 68, 69, 71, 79, 80, 89, 90, 91, 92, 93, 96, 132, 152, 162, 170, 176, 178, 183, 187, 206, 237, 256, 275, 279, 281, 286, 307], "summary": {"covered_lines": 40, "num_statements": 143, "percent_covered": 22.513089005235603, "percent_covered_display": "23", "missing_lines": 103, "excluded_lines": 0, "percent_statements_covered": 27.972027972027973, "percent_statements_covered_display": "28", "num_branches": 48, "num_partial_branches": 1, "covered_branches": 3, "missing_branches": 45, "percent_branches_covered": 6.25, "percent_branches_covered_display": "6"}, "missing_lines": [22, 23, 27, 29, 30, 34, 35, 37, 41, 42, 43, 44, 48, 49, 50, 51, 52, 53, 58, 59, 61, 62, 64, 72, 73, 74, 75, 76, 77, 82, 83, 84, 85, 87, 118, 119, 121, 123, 124, 127, 129, 133, 134, 135, 137, 140, 142, 143, 145, 146, 148, 149, 163, 164, 165, 166, 167, 180, 181, 185, 189, 190, 191, 193, 194, 195, 197, 198, 201, 202, 203, 204, 220, 222, 223, 224, 225, 227, 229, 231, 251, 270, 283, 284, 288, 289, 290, 292, 293, 294, 296, 297, 300, 303, 304, 319, 321, 322, 323, 324, 326, 328, 330], "excluded_lines": [], "executed_branches": [[20, -17], [20, 21], [21, 20]], "missing_branches": [[21, 22], [29, -26], [29, 30], [34, 35], [34, 37], [41, -40], [41, 42], [48, 49], [48, 50], [51, 52], [51, 53], [58, 59], [58, 61], [61, 62], [61, 64], [82, 83], [82, 87], [84, 85], [84, 87], [118, 119], [118, 121], [133, 134], [133, 137], [134, 133], [134, 135], [137, 140], [137, 142], [142, 143], [142, 145], [145, 146], [145, 148], [148, -132], [148, 149], [190, 191], [190, 193], [222, 223], [222, 229], [224, 225], [224, 227], [289, 290], [289, 292], [321, 322], [321, 328], [323, 324], [323, 326]], "functions": {"set_fields": {"executed_lines": [18, 20, 21], "summary": {"covered_lines": 3, "num_statements": 5, "percent_covered": 66.66666666666667, "percent_covered_display": "67", "missing_lines": 2, "excluded_lines": 0, "percent_statements_covered": 60.0, "percent_statements_covered_display": "60", "num_branches": 4, "num_partial_branches": 1, "covered_branches": 3, "missing_branches": 1, "percent_branches_covered": 75.0, "percent_branches_covered_display": "75"}, "missing_lines": [22, 23], "excluded_lines": [], "start_line": 17, "executed_branches": [[20, -17], [20, 21], [21, 20]], "missing_branches": [[21, 22]]}, "check_global_invariants": {"executed_lines": [], "summary": {"covered_lines": 0, "num_statements": 3, "percent_covered": 0.0, "percent_covered_display": "0", "missing_lines": 3, "excluded_lines": 0, "percent_statements_covered": 0.0, "percent_statements_covered_display": "0", "num_branches": 2, "num_partial_branches": 0, "covered_branches": 0, "missing_branches": 2, "percent_branches_covered": 0.0, "percent_branches_covered_display": "0"}, "missing_lines": [27, 29, 30], "excluded_lines": [], "start_line": 26, "executed_branches": [], "missing_branches": [[29, -26], [29, 30]]}, "serialize": {"executed_lines": [], "summary": {"covered_lines": 0, "num_statements": 3, "percent_covered": 0.0, "percent_covered_display": "0", "missing_lines": 3, "excluded_lines": 0, "percent_statements_covered": 0.0, "percent_statements_covered_display": "0", "num_branches": 2, "num_partial_branches": 0, "covered_branches": 0, "missing_branches": 2, "percent_branches_covered": 0.0, "percent_branches_covered_display": "0"}, "missing_lines": [34, 35, 37], "excluded_lines": [], "start_line": 33, "executed_branches": [], "missing_branches": [[34, 35], [34, 37]]}, "check_type": {"executed_lines": [], "summary": {"covered_lines": 0, "num_statements": 4, "percent_covered": 0.0, "percent_covered_display": "0", "missing_lines": 4, "excluded_lines": 0, "percent_statements_covered": 0.0, "percent_statements_covered_display": "0", "num_branches": 2, "num_partial_branches": 0, "covered_branches": 0, "missing_branches": 2, "percent_branches_covered": 0.0, "percent_branches_covered_display": "0"}, "missing_lines": [41, 42, 43, 44], "excluded_lines": [], "start_line": 40, "executed_branches": [], "missing_branches": [[41, -40], [41, 42]]}, "is_type_cls": {"executed_lines": [], "summary": {"covered_lines": 0, "num_statements": 6, "percent_covered": 0.0, "percent_covered_display": "0", "missing_lines": 6, "excluded_lines": 0, "percent_statements_covered": 0.0, "percent_statements_covered_display": "0", "num_branches": 4, "num_partial_branches": 0, "covered_branches": 0, "missing_branches": 4, "percent_branches_covered": 0.0, "percent_branches_covered_display": "0"}, "missing_lines": [48, 49, 50, 51, 52, 53], "excluded_lines": [], "start_line": 47, "executed_branches": [], "missing_branches": [[48, 49], [48, 50], [51, 52], [51, 53]]}, "is_field_ignore_extra_complaint": {"executed_lines": [], "summary": {"covered_lines": 0, "num_statements": 5, "percent_covered": 0.0, "percent_covered_display": "0", "missing_lines": 5, "excluded_lines": 0, "percent_statements_covered": 0.0, "percent_statements_covered_display": "0", "num_branches": 4, "num_partial_branches": 0, "covered_branches": 0, "missing_branches": 4, "percent_branches_covered": 0.0, "percent_branches_covered_display": "0"}, "missing_lines": [58, 59, 61, 62, 64], "excluded_lines": [], "start_line": 56, "executed_branches": [], "missing_branches": [[58, 59], [58, 61], [61, 62], [61, 64]]}, "_PField.__init__": {"executed_lines": [], "summary": {"covered_lines": 0, "num_statements": 6, "percent_covered": 0.0, "percent_covered_display": "0", "missing_lines": 6, "excluded_lines": 0, "percent_statements_covered": 0.0, "percent_statements_covered_display": "0", "num_branches": 0, "num_partial_branches": 0, "covered_branches": 0, "missing_branches": 0, "percent_branches_covered": 100.0, "percent_branches_covered_display": "100"}, "missing_lines": [72, 73, 74, 75, 76, 77], "excluded_lines": [], "start_line": 71, "executed_branches": [], "missing_branches": []}, "_PField.factory": {"executed_lines": [], "summary": {"covered_lines": 0, "num_statements": 5, "percent_covered": 0.0, "percent_covered_display": "0", "missing_lines": 5, "excluded_lines": 0, "percent_statements_covered": 0.0, "percent_statements_covered_display": "0", "num_branches": 4, "num_partial_branches": 0, "covered_branches": 0, "missing_branches": 4, "percent_branches_covered": 0.0, "percent_branches_covered_display": "0"}, "missing_lines": [82, 83, 84, 85, 87], "excluded_lines": [], "start_line": 80, "executed_branches": [], "missing_branches": [[82, 83], [82, 87], [84, 85], [84, 87]]}, "field": {"executed_lines": [], "summary": {"covered_lines": 0, "num_statements": 7, "percent_covered": 0.0, "percent_covered_display": "0", "missing_lines": 7, "excluded_lines": 0, "percent_statements_covered": 0.0, "percent_statements_covered_display": "0", "num_branches": 2, "num_partial_branches": 0, "covered_branches": 0, "missing_branches": 2, "percent_branches_covered": 0.0, "percent_branches_covered_display": "0"}, "missing_lines": [118, 119, 121, 123, 124, 127, 129], "excluded_lines": [], "start_line": 96, "executed_branches": [], "missing_branches": [[118, 119], [118, 121]]}, "_check_field_parameters": {"executed_lines": [], "summary": {"covered_lines": 0, "num_statements": 11, "percent_covered": 0.0, "percent_covered_display": "0", "missing_lines": 11, "excluded_lines": 0, "percent_statements_covered": 0.0, "percent_statements_covered_display": "0", "num_branches": 12, "num_partial_branches": 0, "covered_branches": 0, "missing_branches": 12, "percent_branches_covered": 0.0, "percent_branches_covered_display": "0"}, "missing_lines": [133, 134, 135, 137, 140, 142, 143, 145, 146, 148, 149], "excluded_lines": [], "start_line": 132, "executed_branches": [], "missing_branches": [[133, 134], [133, 137], [134, 133], [134, 135], [137, 140], [137, 142], [142, 143], [142, 145], [145, 146], [145, 148], [148, -132], [148, 149]]}, "PTypeError.__init__": {"executed_lines": [], "summary": {"covered_lines": 0, "num_statements": 5, "percent_covered": 0.0, "percent_covered_display": "0", "missing_lines": 5, "excluded_lines": 0, "percent_statements_covered": 0.0, "percent_statements_covered_display": "0", "num_branches": 0, "num_partial_branches": 0, "covered_branches": 0, "missing_branches": 0, "percent_branches_covered": 100.0, "percent_branches_covered_display": "100"}, "missing_lines": [163, 164, 165, 166, 167], "excluded_lines": [], "start_line": 162, "executed_branches": [], "missing_branches": []}, "_restore_seq_field_pickle": {"executed_lines": [], "summary": {"covered_lines": 0, "num_statements": 2, "percent_covered": 0.0, "percent_covered_display": "0", "missing_lines": 2, "excluded_lines": 0, "percent_statements_covered": 0.0, "percent_statements_covered_display": "0", "num_branches": 0, "num_partial_branches": 0, "covered_branches": 0, "missing_branches": 0, "percent_branches_covered": 100.0, "percent_branches_covered_display": "100"}, "missing_lines": [180, 181], "excluded_lines": [], "start_line": 178, "executed_branches": [], "missing_branches": []}, "_types_to_names": {"executed_lines": [], "summary": {"covered_lines": 0, "num_statements": 1, "percent_covered": 0.0, "percent_covered_display": "0", "missing_lines": 1, "excluded_lines": 0, "percent_statements_covered": 0.0, "percent_statements_covered_display": "0", "num_branches": 0, "num_partial_branches": 0, "covered_branches": 0, "missing_branches": 0, "percent_branches_covered": 100.0, "percent_branches_covered_display": "100"}, "missing_lines": [185], "excluded_lines": [], "start_line": 183, "executed_branches": [], "missing_branches": []}, "_make_seq_field_type": {"executed_lines": [], "summary": {"covered_lines": 0, "num_statements": 11, "percent_covered": 0.0, "percent_covered_display": "0", "missing_lines": 11, "excluded_lines": 0, "percent_statements_covered": 0.0, "percent_statements_covered_display": "0", "num_branches": 2, "num_partial_branches": 0, "covered_branches": 0, "missing_branches": 2, "percent_branches_covered": 0.0, "percent_branches_covered_display": "0"}, "missing_lines": [189, 190, 191, 193, 194, 195, 197, 201, 202, 203, 204], "excluded_lines": [], "start_line": 187, "executed_branches": [], "missing_branches": [[190, 191], [190, 193]]}, "_make_seq_field_type.TheType.__reduce__": {"executed_lines": [], "summary": {"covered_lines": 0, "num_statements": 1, "percent_covered": 0.0, "percent_covered_display": "0", "missing_lines": 1, "excluded_lines": 0, "percent_statements_covered": 0.0, "percent_statements_covered_display": "0", "num_branches": 0, "num_partial_branches": 0, "covered_branches": 0, "missing_branches": 0, "percent_branches_covered": 100.0, "percent_branches_covered_display": "100"}, "missing_lines": [198], "excluded_lines": [], "start_line": 197, "executed_branches": [], "missing_branches": []}, "_sequence_field": {"executed_lines": [], "summary": {"covered_lines": 0, "num_statements": 5, "percent_covered": 0.0, "percent_covered_display": "0", "missing_lines": 5, "excluded_lines": 0, "percent_statements_covered": 0.0, "percent_statements_covered_display": "0", "num_branches": 2, "num_partial_branches": 0, "covered_branches": 0, "missing_branches": 2, "percent_branches_covered": 0.0, "percent_branches_covered_display": "0"}, "missing_lines": [220, 222, 223, 229, 231], "excluded_lines": [], "start_line": 206, "executed_branches": [], "missing_branches": [[222, 223], [222, 229]]}, "_sequence_field.factory": {"executed_lines": [], "summary": {"covered_lines": 0, "num_statements": 3, "percent_covered": 0.0, "percent_covered_display": "0", "missing_lines": 3, "excluded_lines": 0, "percent_statements_covered": 0.0, "percent_statements_covered_display": "0", "num_branches": 2, "num_partial_branches": 0, "covered_branches": 0, "missing_branches": 2, "percent_branches_covered": 0.0, "percent_branches_covered_display": "0"}, "missing_lines": [224, 225, 227], "excluded_lines": [], "start_line": 223, "executed_branches": [], "missing_branches": [[224, 225], [224, 227]]}, "pset_field": {"executed_lines": [], "summary": {"covered_lines": 0, "num_statements": 1, "percent_covered": 0.0, "percent_covered_display": "0", "missing_lines": 1, "excluded_lines": 0, "percent_statements_covered": 0.0, "percent_statements_covered_display": "0", "num_branches": 0, "num_partial_branches": 0, "covered_branches": 0, "missing_branches": 0, "percent_branches_covered": 100.0, "percent_branches_covered_display": "100"}, "missing_lines": [251], "excluded_lines": [], "start_line": 237, "executed_branches": [], "missing_branches": []}, "pvector_field": {"executed_lines": [], "summary": {"covered_lines": 0, "num_statements": 1, "percent_covered": 0.0, "percent_covered_display": "0", "missing_lines": 1, "excluded_lines": 0, "percent_statements_covered": 0.0, "percent_statements_covered_display": "0", "num_branches": 0, "num_partial_branches": 0, "covered_branches": 0, "missing_branches": 0, "percent_branches_covered": 100.0, "percent_branches_covered_display": "100"}, "missing_lines": [270], "excluded_lines": [], "start_line": 256, "executed_branches": [], "missing_branches": []}, "_restore_pmap_field_pickle": {"executed_lines": [], "summary": {"covered_lines": 0, "num_statements": 2, "percent_covered": 0.0, "percent_covered_display": "0", "missing_lines": 2, "excluded_lines": 0, "percent_statements_covered": 0.0, "percent_statements_covered_display": "0", "num_branches": 0, "num_partial_branches": 0, "covered_branches": 0, "missing_branches": 0, "percent_branches_covered": 100.0, "percent_branches_covered_display": "100"}, "missing_lines": [283, 284], "excluded_lines": [], "start_line": 281, "executed_branches": [], "missing_branches": []}, "_make_pmap_field_type": {"executed_lines": [], "summary": {"covered_lines": 0, "num_statements": 10, "percent_covered": 0.0, "percent_covered_display": "0", "missing_lines": 10, "excluded_lines": 0, "percent_statements_covered": 0.0, "percent_statements_covered_display": "0", "num_branches": 2, "num_partial_branches": 0, "covered_branches": 0, "missing_branches": 2, "percent_branches_covered": 0.0, "percent_branches_covered_display": "0"}, "missing_lines": [288, 289, 290, 292, 293, 294, 296, 300, 303, 304], "excluded_lines": [], "start_line": 286, "executed_branches": [], "missing_branches": [[289, 290], [289, 292]]}, "_make_pmap_field_type.TheMap.__reduce__": {"executed_lines": [], "summary": {"covered_lines": 0, "num_statements": 1, "percent_covered": 0.0, "percent_covered_display": "0", "missing_lines": 1, "excluded_lines": 0, "percent_statements_covered": 0.0, "percent_statements_covered_display": "0", "num_branches": 0, "num_partial_branches": 0, "covered_branches": 0, "missing_branches": 0, "percent_branches_covered": 100.0, "percent_branches_covered_display": "100"}, "missing_lines": [297], "excluded_lines": [], "start_line": 296, "executed_branches": [], "missing_branches": []}, "pmap_field": {"executed_lines": [], "summary": {"covered_lines": 0, "num_statements": 5, "percent_covered": 0.0, "percent_covered_display": "0", "missing_lines": 5, "excluded_lines": 0, "percent_statements_covered": 0.0, "percent_statements_covered_display": "0", "num_branches": 2, "num_partial_branches": 0, "covered_branches": 0, "missing_branches": 2, "percent_branches_covered": 0.0, "percent_branches_covered_display": "0"}, "missing_lines": [319, 321, 322, 328, 330], "excluded_lines": [], "start_line": 307, "executed_branches": [], "missing_branches": [[321, 322], [321, 328]]}, "pmap_field.factory": {"executed_lines": [], "summary": {"covered_lines": 0, "num_statements": 3, "percent_covered": 0.0, "percent_covered_display": "0", "missing_lines": 3, "excluded_lines": 0, "percent_statements_covered": 0.0, "percent_statements_covered_display": "0", "num_branches": 2, "num_partial_branches": 0, "covered_branches": 0, "missing_branches": 2, "percent_branches_covered": 0.0, "percent_branches_covered_display": "0"}, "missing_lines": [323, 324, 326], "excluded_lines": [], "start_line": 322, "executed_branches": [], "missing_branches": [[323, 324], [323, 326]]}, "": {"executed_lines": [1, 12, 13, 14, 17, 26, 33, 40, 47, 56, 68, 69, 71, 79, 80, 89, 90, 91, 92, 93, 96, 132, 152, 162, 170, 176, 178, 183, 187, 206, 237, 256, 275, 279, 281, 286, 307], "summary": {"covered_lines": 37, "num_statements": 37, "percent_covered": 100.0, "percent_covered_display": "100", "missing_lines": 0, "excluded_lines": 0, "percent_statements_covered": 100.0, "percent_statements_covered_display": "100", "num_branches": 0, "num_partial_branches": 0, "covered_branches": 0, "missing_branches": 0, "percent_branches_covered": 100.0, "percent_branches_covered_display": "100"}, "missing_lines": [], "excluded_lines": [], "start_line": 1, "executed_branches": [], "missing_branches": []}}, "classes": {"_PField": {"executed_lines": [], "summary": {"covered_lines": 0, "num_statements": 11, "percent_covered": 0.0, "percent_covered_display": "0", "missing_lines": 11, "excluded_lines": 0, "percent_statements_covered": 0.0, "percent_statements_covered_display": "0", "num_branches": 4, "num_partial_branches": 0, "covered_branches": 0, "missing_branches": 4, "percent_branches_covered": 0.0, "percent_branches_covered_display": "0"}, "missing_lines": [72, 73, 74, 75, 76, 77, 82, 83, 84, 85, 87], "excluded_lines": [], "start_line": 68, "executed_branches": [], "missing_branches": [[82, 83], [82, 87], [84, 85], [84, 87]]}, "PTypeError": {"executed_lines": [], "summary": {"covered_lines": 0, "num_statements": 5, "percent_covered": 0.0, "percent_covered_display": "0", "missing_lines": 5, "excluded_lines": 0, "percent_statements_covered": 0.0, "percent_statements_covered_display": "0", "num_branches": 0, "num_partial_branches": 0, "covered_branches": 0, "missing_branches": 0, "percent_branches_covered": 100.0, "percent_branches_covered_display": "100"}, "missing_lines": [163, 164, 165, 166, 167], "excluded_lines": [], "start_line": 152, "executed_branches": [], "missing_branches": []}, "_make_seq_field_type.TheType": {"executed_lines": [], "summary": {"covered_lines": 0, "num_statements": 1, "percent_covered": 0.0, "percent_covered_display": "0", "missing_lines": 1, "excluded_lines": 0, "percent_statements_covered": 0.0, "percent_statements_covered_display": "0", "num_branches": 0, "num_partial_branches": 0, "covered_branches": 0, "missing_branches": 0, "percent_branches_covered": 100.0, "percent_branches_covered_display": "100"}, "missing_lines": [198], "excluded_lines": [], "start_line": 193, "executed_branches": [], "missing_branches": []}, "_make_pmap_field_type.TheMap": {"executed_lines": [], "summary": {"covered_lines": 0, "num_statements": 1, "percent_covered": 0.0, "percent_covered_display": "0", "missing_lines": 1, "excluded_lines": 0, "percent_statements_covered": 0.0, "percent_statements_covered_display": "0", "num_branches": 0, "num_partial_branches": 0, "covered_branches": 0, "missing_branches": 0, "percent_branches_covered": 100.0, "percent_branches_covered_display": "100"}, "missing_lines": [297], "excluded_lines": [], "start_line": 292, "executed_branches": [], "missing_branches": []}, "": {"executed_lines": [1, 12, 13, 14, 17, 18, 20, 21, 26, 33, 40, 47, 56, 68, 69, 71, 79, 80, 89, 90, 91, 92, 93, 96, 132, 152, 162, 170, 176, 178, 183, 187, 206, 237, 256, 275, 279, 281, 286, 307], "summary": {"covered_lines": 40, "num_statements": 125, "percent_covered": 25.443786982248522, "percent_covered_display": "25", "missing_lines": 85, "excluded_lines": 0, "percent_statements_covered": 32.0, "percent_statements_covered_display": "32", "num_branches": 44, "num_partial_branches": 1, "covered_branches": 3, "missing_branches": 41, "percent_branches_covered": 6.818181818181818, "percent_branches_covered_display": "7"}, "missing_lines": [22, 23, 27, 29, 30, 34, 35, 37, 41, 42, 43, 44, 48, 49, 50, 51, 52, 53, 58, 59, 61, 62, 64, 118, 119, 121, 123, 124, 127, 129, 133, 134, 135, 137, 140, 142, 143, 145, 146, 148, 149, 180, 181, 185, 189, 190, 191, 193, 194, 195, 197, 201, 202, 203, 204, 220, 222, 223, 224, 225, 227, 229, 231, 251, 270, 283, 284, 288, 289, 290, 292, 293, 294, 296, 300, 303, 304, 319, 321, 322, 323, 324, 326, 328, 330], "excluded_lines": [], "start_line": 1, "executed_branches": [[20, -17], [20, 21], [21, 20]], "missing_branches": [[21, 22], [29, -26], [29, 30], [34, 35], [34, 37], [41, -40], [41, 42], [48, 49], [48, 50], [51, 52], [51, 53], [58, 59], [58, 61], [61, 62], [61, 64], [118, 119], [118, 121], [133, 134], [133, 137], [134, 133], [134, 135], [137, 140], [137, 142], [142, 143], [142, 145], [145, 146], [145, 148], [148, -132], [148, 149], [190, 191], [190, 193], [222, 223], [222, 229], [224, 225], [224, 227], [289, 290], [289, 292], [321, 322], [321, 328], [323, 324], [323, 326]]}}}, "project/pyrsistent/_helpers.py": {"executed_lines": [1, 2, 3, 4, 5, 7, 52, 89], "summary": {"covered_lines": 8, "num_statements": 38, "percent_covered": 14.285714285714286, "percent_covered_display": "14", "missing_lines": 30, "excluded_lines": 0, "percent_statements_covered": 21.05263157894737, "percent_statements_covered_display": "21", "num_branches": 18, "num_partial_branches": 0, "covered_branches": 0, "missing_branches": 18, "percent_branches_covered": 0.0, "percent_branches_covered_display": "0"}, "missing_lines": [35, 36, 37, 38, 39, 40, 41, 42, 43, 44, 45, 46, 48, 49, 74, 75, 76, 77, 78, 79, 80, 81, 82, 83, 85, 86, 97, 98, 99, 101], "excluded_lines": [], "executed_branches": [], "missing_branches": [[36, 37], [36, 38], [38, 39], [38, 40], [40, 41], [40, 43], [43, 44], [43, 46], [46, 48], [46, 49], [75, 76], [75, 78], [78, 79], [78, 80], [80, 81], [80, 83], [83, 85], [83, 86]], "functions": {"freeze": {"executed_lines": [], "summary": {"covered_lines": 0, "num_statements": 14, "percent_covered": 0.0, "percent_covered_display": "0", "missing_lines": 14, "excluded_lines": 0, "percent_statements_covered": 0.0, "percent_statements_covered_display": "0", "num_branches": 10, "num_partial_branches": 0, "covered_branches": 0, "missing_branches": 10, "percent_branches_covered": 0.0, "percent_branches_covered_display": "0"}, "missing_lines": [35, 36, 37, 38, 39, 40, 41, 42, 43, 44, 45, 46, 48, 49], "excluded_lines": [], "start_line": 7, "executed_branches": [], "missing_branches": [[36, 37], [36, 38], [38, 39], [38, 40], [40, 41], [40, 43], [43, 44], [43, 46], [46, 48], [46, 49]]}, "thaw": {"executed_lines": [], "summary": {"covered_lines": 0, "num_statements": 12, "percent_covered": 0.0, "percent_covered_display": "0", "missing_lines": 12, "excluded_lines": 0, "percent_statements_covered": 0.0, "percent_statements_covered_display": "0", "num_branches": 8, "num_partial_branches": 0, "covered_branches": 0, "missing_branches": 8, "percent_branches_covered": 0.0, "percent_branches_covered_display": "0"}, "missing_lines": [74, 75, 76, 77, 78, 79, 80, 81, 82, 83, 85, 86], "excluded_lines": [], "start_line": 52, "executed_branches": [], "missing_branches": [[75, 76], [75, 78], [78, 79], [78, 80], [80, 81], [80, 83], [83, 85], [83, 86]]}, "mutant": {"executed_lines": [], "summary": {"covered_lines": 0, "num_statements": 3, "percent_covered": 0.0, "percent_covered_display": "0", "missing_lines": 3, "excluded_lines": 0, "percent_statements_covered": 0.0, "percent_statements_covered_display": "0", "num_branches": 0, "num_partial_branches": 0, "covered_branches": 0, "missing_branches": 0, "percent_branches_covered": 100.0, "percent_branches_covered_display": "100"}, "missing_lines": [97, 98, 101], "excluded_lines": [], "start_line": 89, "executed_branches": [], "missing_branches": []}, "mutant.inner_f": {"executed_lines": [], "summary": {"covered_lines": 0, "num_statements": 1, "percent_covered": 0.0, "percent_covered_display": "0", "missing_lines": 1, "excluded_lines": 0, "percent_statements_covered": 0.0, "percent_statements_covered_display": "0", "num_branches": 0, "num_partial_branches": 0, "covered_branches": 0, "missing_branches": 0, "percent_branches_covered": 100.0, "percent_branches_covered_display": "100"}, "missing_lines": [99], "excluded_lines": [], "start_line": 98, "executed_branches": [], "missing_branches": []}, "": {"executed_lines": [1, 2, 3, 4, 5, 7, 52, 89], "summary": {"covered_lines": 8, "num_statements": 8, "percent_covered": 100.0, "percent_covered_display": "100", "missing_lines": 0, "excluded_lines": 0, "percent_statements_covered": 100.0, "percent_statements_covered_display": "100", "num_branches": 0, "num_partial_branches": 0, "covered_branches": 0, "missing_branches": 0, "percent_branches_covered": 100.0, "percent_branches_covered_display": "100"}, "missing_lines": [], "excluded_lines": [], "start_line": 1, "executed_branches": [], "missing_branches": []}}, "classes": {"": {"executed_lines": [1, 2, 3, 4, 5, 7, 52, 89], "summary": {"covered_lines": 8, "num_statements": 38, "percent_covered": 14.285714285714286, "percent_covered_display": "14", "missing_lines": 30, "excluded_lines": 0, "percent_statements_covered": 21.05263157894737, "percent_statements_covered_display": "21", "num_branches": 18, "num_partial_branches": 0, "covered_branches": 0, "missing_branches": 18, "percent_branches_covered": 0.0, "percent_branches_covered_display": "0"}, "missing_lines": [35, 36, 37, 38, 39, 40, 41, 42, 43, 44, 45, 46, 48, 49, 74, 75, 76, 77, 78, 79, 80, 81, 82, 83, 85, 86, 97, 98, 99, 101], "excluded_lines": [], "start_line": 1, "executed_branches": [], "missing_branches": [[36, 37], [36, 38], [38, 39], [38, 40], [40, 41], [40, 43], [43, 44], [43, 46], [46, 48], [46, 49], [75, 76], [75, 78], [78, 79], [78, 80], [80, 81], [80, 83], [83, 85], [83, 86]]}}}, "project/pyrsistent/_immutable.py": {"executed_lines": [1, 4], "summary": {"covered_lines": 2, "num_statements": 20, "percent_covered": 7.6923076923076925, "percent_covered_display": "8", "missing_lines": 18, "excluded_lines": 1, "percent_statements_covered": 10.0, "percent_statements_covered_display": "10", "num_branches": 6, "num_partial_branches": 0, "covered_branches": 0, "missing_branches": 6, "percent_branches_covered": 0.0, "percent_branches_covered_display": "0"}, "missing_lines": [49, 50, 52, 53, 54, 55, 61, 63, 64, 87, 88, 90, 91, 92, 93, 94, 95, 97], "excluded_lines": [5], "executed_branches": [], "missing_branches": [[49, 50], [49, 52], [54, 55], [54, 61], [87, 88], [87, 90]], "functions": {"immutable": {"executed_lines": [], "summary": {"covered_lines": 0, "num_statements": 14, "percent_covered": 0.0, "percent_covered_display": "0", "missing_lines": 14, "excluded_lines": 1, "percent_statements_covered": 0.0, "percent_statements_covered_display": "0", "num_branches": 4, "num_partial_branches": 0, "covered_branches": 0, "missing_branches": 4, "percent_branches_covered": 0.0, "percent_branches_covered_display": "0"}, "missing_lines": [49, 50, 52, 63, 64, 87, 88, 90, 91, 92, 93, 94, 95, 97], "excluded_lines": [5], "start_line": 4, "executed_branches": [], "missing_branches": [[49, 50], [49, 52], [87, 88], [87, 90]]}, "immutable.frozen_member_test": {"executed_lines": [], "summary": {"covered_lines": 0, "num_statements": 4, "percent_covered": 0.0, "percent_covered_display": "0", "missing_lines": 4, "excluded_lines": 0, "percent_statements_covered": 0.0, "percent_statements_covered_display": "0", "num_branches": 2, "num_partial_branches": 0, "covered_branches": 0, "missing_branches": 2, "percent_branches_covered": 0.0, "percent_branches_covered_display": "0"}, "missing_lines": [53, 54, 55, 61], "excluded_lines": [], "start_line": 52, "executed_branches": [], "missing_branches": [[54, 55], [54, 61]]}, "": {"executed_lines": [1, 4], "summary": {"covered_lines": 2, "num_statements": 2, "percent_covered": 100.0, "percent_covered_display": "100", "missing_lines": 0, "excluded_lines": 0, "percent_statements_covered": 100.0, "percent_statements_covered_display": "100", "num_branches": 0, "num_partial_branches": 0, "covered_branches": 0, "missing_branches": 0, "percent_branches_covered": 100.0, "percent_branches_covered_display": "100"}, "missing_lines": [], "excluded_lines": [], "start_line": 1, "executed_branches": [], "missing_branches": []}}, "classes": {"": {"executed_lines": [1, 4], "summary": {"covered_lines": 2, "num_statements": 20, "percent_covered": 7.6923076923076925, "percent_covered_display": "8", "missing_lines": 18, "excluded_lines": 1, "percent_statements_covered": 10.0, "percent_statements_covered_display": "10", "num_branches": 6, "num_partial_branches": 0, "covered_branches": 0, "missing_branches": 6, "percent_branches_covered": 0.0, "percent_branches_covered_display": "0"}, "missing_lines": [49, 50, 52, 53, 54, 55, 61, 63, 64, 87, 88, 90, 91, 92, 93, 94, 95, 97], "excluded_lines": [5], "start_line": 1, "executed_branches": [], "missing_branches": [[49, 50], [49, 52], [54, 55], [54, 61], [87, 88], [87, 90]]}}}, "project/pyrsistent/_pbag.py": {"executed_lines": [1, 2, 3, 4, 6, 9, 13, 36, 38, 39, 41, 55, 68, 88, 100, 109, 122, 133, 136, 150, 153, 154, 155, 159, 173, 191, 207, 223, 236, 237, 238, 239, 242, 255, 269], "summary": {"covered_lines": 35, "num_statements": 94, "percent_covered": 26.923076923076923, "percent_covered_display": "27", "missing_lines": 59, "excluded_lines": 0, "percent_statements_covered": 37.234042553191486, "percent_statements_covered_display": "37", "num_branches": 36, "num_partial_branches": 0, "covered_branches": 0, "missing_branches": 36, "perce
[...]
: [], "missing_branches": [[81, 82], [81, 83]]}}}, "project/pyrsistent/_transformations.py": {"executed_lines": [1, 2, 3, 9, 12, 17, 22, 24, 25, 26, 27, 31, 33, 34, 37, 43, 48, 55, 63, 71, 82, 104, 109, 119], "summary": {"covered_lines": 24, "num_statements": 78, "percent_covered": 23.58490566037736, "percent_covered_display": "24", "missing_lines": 54, "excluded_lines": 0, "percent_statements_covered": 30.76923076923077, "percent_statements_covered_display": "31", "num_branches": 28, "num_partial_branches": 1, "covered_branches": 1, "missing_branches": 27, "percent_branches_covered": 3.5714285714285716, "percent_branches_covered_display": "4"}, "missing_lines": [4, 5, 6, 14, 19, 39, 44, 45, 49, 50, 51, 52, 56, 57, 59, 60, 64, 65, 66, 68, 72, 73, 74, 76, 78, 79, 83, 85, 86, 89, 90, 93, 96, 101, 105, 106, 107, 110, 120, 121, 122, 124, 125, 127, 128, 129, 130, 132, 136, 137, 139, 140, 141, 143], "excluded_lines": [], "executed_branches": [[104, 109]], "missing_branches": [[44, -43], [44, 45], [50, 51], [50, 52], [56, 57], [56, 59], [73, 74], [73, 76], [83, 85], [83, 101], [86, 89], [86, 90], [90, 93], [90, 96], [104, 105], [122, 124], [122, 127], [124, 125], [124, 143], [127, 128], [127, 143], [129, 130], [129, 139], [130, 132], [130, 136], [140, 127], [140, 141]], "functions": {"inc": {"executed_lines": [], "summary": {"covered_lines": 0, "num_statements": 1, "percent_covered": 0.0, "percent_covered_display": "0", "missing_lines": 1, "excluded_lines": 0, "percent_statements_covered": 0.0, "percent_statements_covered_display": "0", "num_branches": 0, "num_partial_branches": 0, "covered_branches": 0, "missing_branches": 0, "percent_branches_covered": 100.0, "percent_branches_covered_display": "100"}, "missing_lines": [14], "excluded_lines": [], "start_line": 12, "executed_branches": [], "missing_branches": []}, "dec": {"executed_lines": [], "summary": {"covered_lines": 0, "num_statements": 1, "percent_covered": 0.0, "percent_covered_display": "0", "missing_lines": 1, "excluded_lines": 0, "percent_statements_covered": 0.0, "percent_statements_covered_display": "0", "num_branches": 0, "num_partial_branches": 0, "covered_branches": 0, "missing_branches": 0, "percent_branches_covered": 100.0, "percent_branches_covered_display": "100"}, "missing_lines": [19], "excluded_lines": [], "start_line": 17, "executed_branches": [], "missing_branches": []}, "discard": {"executed_lines": [24, 25, 26, 27], "summary": {"covered_lines": 4, "num_statements": 4, "percent_covered": 100.0, "percent_covered_display": "100", "missing_lines": 0, "excluded_lines": 0, "percent_statements_covered": 100.0, "percent_statements_covered_display": "100", "num_branches": 0, "num_partial_branches": 0, "covered_branches": 0, "missing_branches": 0, "percent_branches_covered": 100.0, "percent_branches_covered_display": "100"}, "missing_lines": [], "excluded_lines": [], "start_line": 22, "executed_branches": [], "missing_branches": []}, "rex": {"executed_lines": [33, 34], "summary": {"covered_lines": 2, "num_statements": 2, "percent_covered": 100.0, "percent_covered_display": "100", "missing_lines": 0, "excluded_lines": 0, "percent_statements_covered": 100.0, "percent_statements_covered_display": "100", "num_branches": 0, "num_partial_branches": 0, "covered_branches": 0, "missing_branches": 0, "percent_branches_covered": 100.0, "percent_branches_covered_display": "100"}, "missing_lines": [], "excluded_lines": [], "start_line": 31, "executed_branches": [], "missing_branches": []}, "ny": {"executed_lines": [], "summary": {"covered_lines": 0, "num_statements": 1, "percent_covered": 0.0, "percent_covered_display": "0", "missing_lines": 1, "excluded_lines": 0, "percent_statements_covered": 0.0, "percent_statements_covered_display": "0", "num_branches": 0, "num_partial_branches": 0, "covered_branches": 0, "missing_branches": 0, "percent_branches_covered": 100.0, "percent_branches_covered_display": "100"}, "missing_lines": [39], "excluded_lines": [], "start_line": 37, "executed_branches": [], "missing_branches": []}, "_chunks": {"executed_lines": [], "summary": {"covered_lines": 0, "num_statements": 2, "percent_covered": 0.0, "percent_covered_display": "0", "missing_lines": 2, "excluded_lines": 0, "percent_statements_covered": 0.0, "percent_statements_covered_display": "0", "num_branches": 2, "num_partial_branches": 0, "covered_branches": 0, "missing_branches": 2, "percent_branches_covered": 0.0, "percent_branches_covered_display": "0"}, "missing_lines": [44, 45], "excluded_lines": [], "start_line": 43, "executed_branches": [], "missing_branches": [[44, -43], [44, 45]]}, "transform": {"executed_lines": [], "summary": {"covered_lines": 0, "num_statements": 4, "percent_covered": 0.0, "percent_covered_display": "0", "missing_lines": 4, "excluded_lines": 0, "percent_statements_covered": 0.0, "percent_statements_covered_display": "0", "num_branches": 2, "num_partial_branches": 0, "covered_branches": 0, "missing_branches": 2, "percent_branches_covered": 0.0, "percent_branches_covered_display": "0"}, "missing_lines": [49, 50, 51, 52], "excluded_lines": [], "start_line": 48, "executed_branches": [], "missing_branches": [[50, 51], [50, 52]]}, "_do_to_path": {"executed_lines": [], "summary": {"covered_lines": 0, "num_statements": 4, "percent_covered": 0.0, "percent_covered_display": "0", "missing_lines": 4, "excluded_lines": 0, "percent_statements_covered": 0.0, "percent_statements_covered_display": "0", "num_branches": 2, "num_partial_branches": 0, "covered_branches": 0, "missing_branches": 2, "percent_branches_covered": 0.0, "percent_branches_covered_display": "0"}, "missing_lines": [56, 57, 59, 60], "excluded_lines": [], "start_line": 55, "executed_branches": [], "missing_branches": [[56, 57], [56, 59]]}, "_items": {"executed_lines": [], "summary": {"covered_lines": 0, "num_statements": 4, "percent_covered": 0.0, "percent_covered_display": "0", "missing_lines": 4, "excluded_lines": 0, "percent_statements_covered": 0.0, "percent_statements_covered_display": "0", "num_branches": 0, "num_partial_branches": 0, "covered_branches": 0, "missing_branches": 0, "percent_branches_covered": 100.0, "percent_branches_covered_display": "100"}, "missing_lines": [64, 65, 66, 68], "excluded_lines": [], "start_line": 63, "executed_branches": [], "missing_branches": []}, "_get": {"executed_lines": [], "summary": {"covered_lines": 0, "num_statements": 6, "percent_covered": 0.0, "percent_covered_display": "0", "missing_lines": 6, "excluded_lines": 0, "percent_statements_covered": 0.0, "percent_statements_covered_display": "0", "num_branches": 2, "num_partial_branches": 0, "covered_branches": 0, "missing_branches": 2, "percent_branches_covered": 0.0, "percent_branches_covered_display": "0"}, "missing_lines": [72, 73, 74, 76, 78, 79], "excluded_lines": [], "start_line": 71, "executed_branches": [], "missing_branches": [[73, 74], [73, 76]]}, "_get_keys_and_values": {"executed_lines": [], "summary": {"covered_lines": 0, "num_statements": 8, "percent_covered": 0.0, "percent_covered_display": "0", "missing_lines": 8, "excluded_lines": 0, "percent_statements_covered": 0.0, "percent_statements_covered_display": "0", "num_branches": 6, "num_partial_branches": 0, "covered_branches": 0, "missing_branches": 6, "percent_branches_covered": 0.0, "percent_branches_covered_display": "0"}, "missing_lines": [83, 85, 86, 89, 90, 93, 96, 101], "excluded_lines": [], "start_line": 82, "executed_branches": [], "missing_branches": [[83, 85], [83, 101], [86, 89], [86, 90], [90, 93], [90, 96]]}, "_get_arity": {"executed_lines": [], "summary": {"covered_lines": 0, "num_statements": 2, "percent_covered": 0.0, "percent_covered_display": "0", "missing_lines": 2, "excluded_lines": 0, "percent_statements_covered": 0.0, "percent_statements_covered_display": "0", "num_branches": 0, "num_partial_branches": 0, "covered_branches": 0, "missing_branches": 0, "percent_branches_covered": 100.0, "percent_branches_covered_display": "100"}, "missing_lines": [106, 107], "excluded_lines": [], "start_line": 105, "executed_branches": [], "missing_branches": []}, "_update_structure": {"executed_lines": [], "summary": {"covered_lines": 0, "num_statements": 16, "percent_covered": 0.0, "percent_covered_display": "0", "missing_lines": 16, "excluded_lines": 0, "percent_statements_covered": 0.0, "percent_statements_covered_display": "0", "num_branches": 12, "num_partial_branches": 0, "covered_branches": 0, "missing_branches": 12, "percent_branches_covered": 0.0, "percent_branches_covered_display": "0"}, "missing_lines": [120, 121, 122, 124, 125, 127, 128, 129, 130, 132, 136, 137, 139, 140, 141, 143], "excluded_lines": [], "start_line": 119, "executed_branches": [], "missing_branches": [[122, 124], [122, 127], [124, 125], [124, 143], [127, 128], [127, 143], [129, 130], [129, 139], [130, 132], [130, 136], [140, 127], [140, 141]]}, "": {"executed_lines": [1, 2, 3, 9, 12, 17, 22, 31, 37, 43, 48, 55, 63, 71, 82, 104, 109, 119], "summary": {"covered_lines": 18, "num_statements": 23, "percent_covered": 76.0, "percent_covered_display": "76", "missing_lines": 5, "excluded_lines": 0, "percent_statements_covered": 78.26086956521739, "percent_statements_covered_display": "78", "num_branches": 2, "num_partial_branches": 1, "covered_branches": 1, "missing_branches": 1, "percent_branches_covered": 50.0, "percent_branches_covered_display": "50"}, "missing_lines": [4, 5, 6, 105, 110], "excluded_lines": [], "start_line": 1, "executed_branches": [[104, 109]], "missing_branches": [[104, 105]]}}, "classes": {"": {"executed_lines": [1, 2, 3, 9, 12, 17, 22, 24, 25, 26, 27, 31, 33, 34, 37, 43, 48, 55, 63, 71, 82, 104, 109, 119], "summary": {"covered_lines": 24, "num_statements": 78, "percent_covered": 23.58490566037736, "percent_covered_display": "24", "missing_lines": 54, "excluded_lines": 0, "percent_statements_covered": 30.76923076923077, "percent_statements_covered_display": "31", "num_branches": 28, "num_partial_branches": 1, "covered_branches": 1, "missing_branches": 27, "percent_branches_covered": 3.5714285714285716, "percent_branches_covered_display": "4"}, "missing_lines": [4, 5, 6, 14, 19, 39, 44, 45, 49, 50, 51, 52, 56, 57, 59, 60, 64, 65, 66, 68, 72, 73, 74, 76, 78, 79, 83, 85, 86, 89, 90, 93, 96, 101, 105, 106, 107, 110, 120, 121, 122, 124, 125, 127, 128, 129, 130, 132, 136, 137, 139, 140, 141, 143], "excluded_lines": [], "start_line": 1, "executed_branches": [[104, 109]], "missing_branches": [[44, -43], [44, 45], [50, 51], [50, 52], [56, 57], [56, 59], [73, 74], [73, 76], [83, 85], [83, 101], [86, 89], [86, 90], [90, 93], [90, 96], [104, 105], [122, 124], [122, 127], [124, 125], [124, 143], [127, 128], [127, 143], [129, 130], [129, 139], [130, 132], [130, 136], [140, 127], [140, 141]]}}}, "project/pyrsistent/typing.py": {"executed_lines": [], "summary": {"covered_lines": 0, "num_statements": 42, "percent_covered": 0.0, "percent_covered_display": "0", "missing_lines": 42, "excluded_lines": 0, "percent_statements_covered": 0.0, "percent_statements_covered_display": "0", "num_branches": 0, "num_partial_branches": 0, "covered_branches": 0, "missing_branches": 0, "percent_branches_covered": 100.0, "percent_branches_covered_display": "100"}, "missing_lines": [14, 16, 17, 18, 19, 20, 21, 22, 23, 24, 26, 38, 39, 40, 41, 42, 44, 45, 48, 49, 51, 52, 54, 55, 57, 58, 60, 61, 63, 64, 67, 68, 70, 71, 73, 74, 76, 77, 79, 80, 81, 82], "excluded_lines": [], "executed_branches": [], "missing_branches": [], "functions": {"": {"executed_lines": [], "summary": {"covered_lines": 0, "num_statements": 42, "percent_covered": 0.0, "percent_covered_display": "0", "missing_lines": 42, "excluded_lines": 0, "percent_statements_covered": 0.0, "percent_statements_covered_display": "0", "num_branches": 0, "num_partial_branches": 0, "covered_branches": 0, "missing_branches": 0, "percent_branches_covered": 100.0, "percent_branches_covered_display": "100"}, "missing_lines": [14, 16, 17, 18, 19, 20, 21, 22, 23, 24, 26, 38, 39, 40, 41, 42, 44, 45, 48, 49, 51, 52, 54, 55, 57, 58, 60, 61, 63, 64, 67, 68, 70, 71, 73, 74, 76, 77, 79, 80, 81, 82], "excluded_lines": [], "start_line": 1, "executed_branches": [], "missing_branches": []}}, "classes": {"CheckedPMap": {"executed_lines": [], "summary": {"covered_lines": 0, "num_statements": 0, "percent_covered": 100.0, "percent_covered_display": "100", "missing_lines": 0, "excluded_lines": 0, "percent_statements_covered": 100.0, "percent_statements_covered_display": "100", "num_branches": 0, "num_partial_branches": 0, "covered_branches": 0, "missing_branches": 0, "percent_branches_covered": 100.0, "percent_branches_covered_display": "100"}, "missing_lines": [], "excluded_lines": [], "start_line": 44, "executed_branches": [], "missing_branches": []}, "CheckedPSet": {"executed_lines": [], "summary": {"covered_lines": 0, "num_statements": 0, "percent_covered": 100.0, "percent_covered_display": "100", "missing_lines": 0, "excluded_lines": 0, "percent_statements_covered": 100.0, "percent_statements_covered_display": "100", "num_branches": 0, "num_partial_branches": 0, "covered_branches": 0, "missing_branches": 0, "percent_branches_covered": 100.0, "percent_branches_covered_display": "100"}, "missing_lines": [], "excluded_lines": [], "start_line": 48, "executed_branches": [], "missing_branches": []}, "CheckedPVector": {"executed_lines": [], "summary": {"covered_lines": 0, "num_statements": 0, "percent_covered": 100.0, "percent_covered_display": "100", "missing_lines": 0, "excluded_lines": 0, "percent_statements_covered": 100.0, "percent_statements_covered_display": "100", "num_branches": 0, "num_partial_branches": 0, "covered_branches": 0, "missing_branches": 0, "percent_branches_covered": 100.0, "percent_branches_covered_display": "100"}, "missing_lines": [], "excluded_lines": [], "start_line": 51, "executed_branches": [], "missing_branches": []}, "PBag": {"executed_lines": [], "summary": {"covered_lines": 0, "num_statements": 0, "percent_covered": 100.0, "percent_covered_display": "100", "missing_lines": 0, "excluded_lines": 0, "percent_statements_covered": 100.0, "percent_statements_covered_display": "100", "num_branches": 0, "num_partial_branches": 0, "covered_branches": 0, "missing_branches": 0, "percent_branches_covered": 100.0, "percent_branches_covered_display": "100"}, "missing_lines": [], "excluded_lines": [], "start_line": 54, "executed_branches": [], "missing_branches": []}, "PDeque": {"executed_lines": [], "summary": {"covered_lines": 0, "num_statements": 0, "percent_covered": 100.0, "percent_covered_display": "100", "missing_lines": 0, "excluded_lines": 0, "percent_statements_covered": 100.0, "percent_statements_covered_display": "100", "num_branches": 0, "num_partial_branches": 0, "covered_branches": 0, "missing_branches": 0, "percent_branches_covered": 100.0, "percent_branches_covered_display": "100"}, "missing_lines": [], "excluded_lines": [], "start_line": 57, "executed_branches": [], "missing_branches": []}, "PList": {"executed_lines": [], "summary": {"covered_lines": 0, "num_statements": 0, "percent_covered": 100.0, "percent_covered_display": "100", "missing_lines": 0, "excluded_lines": 0, "percent_statements_covered": 100.0, "percent_statements_covered_display": "100", "num_branches": 0, "num_partial_branches": 0, "covered_branches": 0, "missing_branches": 0, "percent_branches_covered": 100.0, "percent_branches_covered_display": "100"}, "missing_lines": [], "excluded_lines": [], "start_line": 60, "executed_branches": [], "missing_branches": []}, "PMap": {"executed_lines": [], "summary": {"covered_lines": 0, "num_statements": 0, "percent_covered": 100.0, "percent_covered_display": "100", "missing_lines": 0, "excluded_lines": 0, "percent_statements_covered": 100.0, "percent_statements_covered_display": "100", "num_branches": 0, "num_partial_branches": 0, "covered_branches": 0, "missing_branches": 0, "percent_branches_covered": 100.0, "percent_branches_covered_display": "100"}, "missing_lines": [], "excluded_lines": [], "start_line": 63, "executed_branches": [], "missing_branches": []}, "PSet": {"executed_lines": [], "summary": {"covered_lines": 0, "num_statements": 0, "percent_covered": 100.0, "percent_covered_display": "100", "missing_lines": 0, "excluded_lines": 0, "percent_statements_covered": 100.0, "percent_statements_covered_display": "100", "num_branches": 0, "num_partial_branches": 0, "covered_branches": 0, "missing_branches": 0, "percent_branches_covered": 100.0, "percent_branches_covered_display": "100"}, "missing_lines": [], "excluded_lines": [], "start_line": 67, "executed_branches": [], "missing_branches": []}, "PVector": {"executed_lines": [], "summary": {"covered_lines": 0, "num_statements": 0, "percent_covered": 100.0, "percent_covered_display": "100", "missing_lines": 0, "excluded_lines": 0, "percent_statements_covered": 100.0, "percent_statements_covered_display": "100", "num_branches": 0, "num_partial_branches": 0, "covered_branches": 0, "missing_branches": 0, "percent_branches_covered": 100.0, "percent_branches_covered_display": "100"}, "missing_lines": [], "excluded_lines": [], "start_line": 70, "executed_branches": [], "missing_branches": []}, "PVectorEvolver": {"executed_lines": [], "summary": {"covered_lines": 0, "num_statements": 0, "percent_covered": 100.0, "percent_covered_display": "100", "missing_lines": 0, "excluded_lines": 0, "percent_statements_covered": 100.0, "percent_statements_covered_display": "100", "num_branches": 0, "num_partial_branches": 0, "covered_branches": 0, "missing_branches": 0, "percent_branches_covered": 100.0, "percent_branches_covered_display": "100"}, "missing_lines": [], "excluded_lines": [], "start_line": 73, "executed_branches": [], "missing_branches": []}, "PMapEvolver": {"executed_lines": [], "summary": {"covered_lines": 0, "num_statements": 0, "percent_covered": 100.0, "percent_covered_display": "100", "missing_lines": 0, "excluded_lines": 0, "percent_statements_covered": 100.0, "percent_statements_covered_display": "100", "num_branches": 0, "num_partial_branches": 0, "covered_branches": 0, "missing_branches": 0, "percent_branches_covered": 100.0, "percent_branches_covered_display": "100"}, "missing_lines": [], "excluded_lines": [], "start_line": 76, "executed_branches": [], "missing_branches": []}, "PSetEvolver": {"executed_lines": [], "summary": {"covered_lines": 0, "num_statements": 0, "percent_covered": 100.0, "percent_covered_display": "100", "missing_lines": 0, "excluded_lines": 0, "percent_statements_covered": 100.0, "percent_statements_covered_display": "100", "num_branches": 0, "num_partial_branches": 0, "covered_branches": 0, "missing_branches": 0, "percent_branches_covered": 100.0, "percent_branches_covered_display": "100"}, "missing_lines": [], "excluded_lines": [], "start_line": 79, "executed_branches": [], "missing_branches": []}, "": {"executed_lines": [], "summary": {"covered_lines": 0, "num_statements": 42, "percent_covered": 0.0, "percent_covered_display": "0", "missing_lines": 42, "excluded_lines": 0, "percent_statements_covered": 0.0, "percent_statements_covered_display": "0", "num_branches": 0, "num_partial_branches": 0, "covered_branches": 0, "missing_branches": 0, "percent_branches_covered": 100.0, "percent_branches_covered_display": "100"}, "missing_lines": [14, 16, 17, 18, 19, 20, 21, 22, 23, 24, 26, 38, 39, 40, 41, 42, 44, 45, 48, 49, 51, 52, 54, 55, 57, 58, 60, 61, 63, 64, 67, 68, 70, 71, 73, 74, 76, 77, 79, 80, 81, 82], "excluded_lines": [], "start_line": 1, "executed_branches": [], "missing_branches": []}}}}, "totals": {"covered_lines": 737, "num_statements": 1958, "percent_covered": 30.476190476190474, "percent_covered_display": "30", "missing_lines": 1221, "excluded_lines": 6, "percent_statements_covered": 37.640449438202246, "percent_statements_covered_display": "38", "num_branches": 562, "num_partial_branches": 15, "covered_branches": 31, "missing_branches": 531, "percent_branches_covered": 5.516014234875445, "percent_branches_covered_display": "6"}}